#
# A fatal error has been detected by the Java Runtime Environment:
#
#  EXCEPTION_ACCESS_VIOLATION (0xc0000005) at pc=0x00007ffea90bd69a, pid=16984, tid=26412
#
# JRE version: OpenJDK Runtime Environment Temurin-17.0.2+8 (17.0.2+8) (build 17.0.2+8)
# Java VM: OpenJDK 64-Bit Server VM Temurin-17.0.2+8 (17.0.2+8, mixed mode, emulated-client, tiered, compressed oops, compressed class ptrs, g1 gc, windows-amd64)
# Problematic frame:
# V  [jvm.dll+0x79d69a]
#
# No core dump will be written. Minidumps are not enabled by default on client versions of Windows
#
# If you would like to submit a bug report, please visit:
#   https://github.com/adoptium/adoptium-support/issues
#

---------------  S U M M A R Y ------------

Command Line: -XX:+ShowCodeDetailsInExceptionMessages -agentlib:jdwp=transport=dt_socket,suspend=y,address=localhost:58805 -Dcom.sun.management.jmxremote -Dcom.sun.management.jmxremote.port=58804 -Dcom.sun.management.jmxremote.authenticate=false -Dcom.sun.management.jmxremote.ssl=false -Djava.rmi.server.hostname=localhost -Dspring.jmx.enabled=true -Dspring.application.admin.enabled=true -XX:TieredStopAtLevel=1 -Dspring.boot.project.name=5_ApiGateway -javaagent:C:\Users\91911\Navneet\SpringBootProject\sts-4.14.0.RELEASE\configuration\org.eclipse.osgi\265\0\.cp\lib\javaagent-shaded.jar -Dfile.encoding=UTF-8 nav.photoapp.api.gateway.Application --spring.output.ansi.enabled=always

Host: 11th Gen Intel(R) Core(TM) i5-11300H @ 3.10GHz, 8 cores, 15G,  Windows 11 , 64 bit Build 22000 (10.0.22000.675)
Time: Mon May 16 08:39:50 2022 India Standard Time elapsed time: 818.806717 seconds (0d 0h 13m 38s)

---------------  T H R E A D  ---------------

Current thread (0x0000016b53292760):  JavaThread "JDWP Transport Listener: dt_socket" daemon [_thread_in_vm, id=26412, stack(0x000000052ac00000,0x000000052ad00000)]

Stack: [0x000000052ac00000,0x000000052ad00000],  sp=0x000000052acff5e0,  free space=1021k
Native frames: (J=compiled Java code, j=interpreted, Vv=VM code, C=native code)
V  [jvm.dll+0x79d69a]
V  [jvm.dll+0x50842c]
V  [jvm.dll+0x4cfa94]
C  [jdwp.dll+0x22dff]


siginfo: EXCEPTION_ACCESS_VIOLATION (0xc0000005), reading address 0x0000000000b400b6


Register to memory mapping:

RIP=0x00007ffea90bd69a jvm.dll
RAX=0x00000000000000b1 is an unknown value
RBX=0x0000016b530acfc5 points into unknown readable memory: 69 6c 74
RCX=0x0000000000b400b2 is an unknown value
RDX=0x0000016b5571caa0 points into unknown readable memory: 0x6f68702f76616e4c | 4c 6e 61 76 2f 70 68 6f
RSP=0x000000052acff5e0 is pointing into the stack for thread: 0x0000016b53292760
RBP=0x0000016b53279da0 points into unknown readable memory: 0x0043005000000002 | 02 00 00 00 50 00 43 00
RSI=0x0 is NULL
RDI=0xffffffffffffffff is an unknown value
R8 =0x0000000000000044 is an unknown value
R9 =0x000000000000003e is an unknown value
R10=0x0000000000000040 is an unknown value
R11=0x000000052acff600 is pointing into the stack for thread: 0x0000016b53292760
R12=0x000000052acff738 is pointing into the stack for thread: 0x0000016b53292760
R13=0x0 is NULL
R14=0x00000008003e7c18 is a pointer to class: 
nav.photoapp.api.gateway.AuthorizationHeaderFilter {0x00000008003e7c20}
 - instance size:     3
 - klass size:        99
 - access:            public synchronized 
 - state:             fully_initialized
 - name:              'nav/photoapp/api/gateway/AuthorizationHeaderFilter'
 - super:             'org/springframework/cloud/gateway/filter/factory/AbstractGatewayFilterFactory'
 - sub:               
 - arrays:            NULL
 - methods:           Array<T>(0x0000016b599bcf68)
 - method ordering:   Array<T>(0x0000016b599c0590)
 - default_methods:   Array<T>(0x0000016b568aed88)
 - default vtable indices:   Array<T>(0x0000016b568aedc8)
 - local interfaces:  Array<T>(0x0000016b52800058)
 - trans. interfaces: Array<T>(0x0000016b568ae980)
 - constants:         constant pool [201]/operands[7] {0x0000016b599c13e8} for 'nav/photoapp/api/gateway/AuthorizationHeaderFilter' cache=0x0000016b599bdae0
 - class loader data:  loader data: 0x0000016b530446b0 for instance a 'jdk/internal/loader/ClassLoaders$AppClassLoader'{0x0000000704259000}
 - source file:       'AuthorizationHeaderFilter.java'
 - source debug extension:       SMAP
AuthorizationHeaderFilter.java
Java
*S jdt
*F
1 AuthorizationHeaderFilter.java
2 file:/C:/Users/91911/Navneet/SpringBootProject/ws-microsevices/5_ApiGateway/target/classes/
*L
*E

 - class annotations:       Array<T>(0x0000016b599c0530)
 - class type annotations:  Array<T>(0x0000000000000000)
 - field annotations:       Array<T>(0x0000016b599bcf40)
 - field type annotations:  Array<T>(0x0000000000000000)
 - generic signature: '
[error occurred during error reporting (printing register info), id 0xc0000005, EXCEPTION_ACCESS_VIOLATION (0xc0000005) at pc=0x00007ffea90be2a6]

Registers:
RAX=0x00000000000000b1, RBX=0x0000016b530acfc5, RCX=0x0000000000b400b2, RDX=0x0000016b5571caa0
RSP=0x000000052acff5e0, RBP=0x0000016b53279da0, RSI=0x0000000000000000, RDI=0xffffffffffffffff
R8 =0x0000000000000044, R9 =0x000000000000003e, R10=0x0000000000000040, R11=0x000000052acff600
R12=0x000000052acff738, R13=0x0000000000000000, R14=0x00000008003e7c18, R15=0x000000052acff788
RIP=0x00007ffea90bd69a, EFLAGS=0x0000000000010202

Top of Stack: (sp=0x000000052acff5e0)
0x000000052acff5e0:   0000000000000032 00000008003e7c18
0x000000052acff5f0:   0000016b53292760 0000000000000000
0x000000052acff600:   ffffffffffffffff 00007ffea8e2842c
0x000000052acff610:   0000016b530acfc5 0000016b530acf90
0x000000052acff620:   0000016b53279da0 0000016b56d71380
0x000000052acff630:   0000016b530acf40 00000000000003d8
0x000000052acff640:   0000016b530acf50 0000016b530ad328
0x000000052acff650:   0000000000000002 000000052acff738
0x000000052acff660:   0000000000000000 0000000000000000
0x000000052acff670:   00000007052c1fb8 00007ffea8defa94
0x000000052acff680:   0000016b53292760 000000052acff788
0x000000052acff690:   0000016b3dd4ede0 000000052acff788
0x000000052acff6a0:   0000016b53292760 0000000000000000
0x000000052acff6b0:   0000016b00000000 0000000000000000
0x000000052acff6c0:   000000000000000d 00007fff09522dff
0x000000052acff6d0:   000000052acff780 00007fff09531aa0 

Instructions: (pc=0x00007ffea90bd69a)
0x00007ffea90bd59a:   48 83 c4 20 5f e9 4c 8d 90 ff cc cc cc cc cc cc
0x00007ffea90bd5aa:   cc cc cc cc cc cc 48 89 5c 24 08 57 48 83 ec 20
0x00007ffea90bd5ba:   83 fa 02 8d 42 06 b9 08 00 00 00 49 8b d8 0f 4e
0x00007ffea90bd5ca:   c1 48 63 c8 48 83 c1 07 83 e1 f8 48 63 f9 49 8b
0x00007ffea90bd5da:   48 18 48 8b c7 48 f7 d0 48 3b c1 73 16 4c 8d 05
0x00007ffea90bd5ea:   da 4c 17 00 48 8b d7 48 8b cb e8 57 f0 90 ff 48
0x00007ffea90bd5fa:   8b 4b 18 48 8d 04 39 48 3b 43 20 76 18 45 33 c0
0x00007ffea90bd60a:   48 8b d7 48 8b cb 48 8b 5c 24 30 48 83 c4 20 5f
0x00007ffea90bd61a:   e9 b1 ec 90 ff 48 89 43 18 48 8b c1 48 8b 5c 24
0x00007ffea90bd62a:   30 48 83 c4 20 5f c3 cc cc cc cc cc cc cc cc cc
0x00007ffea90bd63a:   cc cc cc cc cc cc 4c 8b d2 4c 8b d9 45 85 c0 7e
0x00007ffea90bd64a:   3c 44 0f b7 49 04 41 8d 40 ff 41 3b c1 44 0f 4c
0x00007ffea90bd65a:   c8 4d 63 c1 45 85 c9 7e 1f 48 8b c2 4c 2b da 49
0x00007ffea90bd66a:   8b d0 0f 1f 40 00 41 0f b6 4c 03 06 88 08 48 8d
0x00007ffea90bd67a:   40 01 48 83 ea 01 75 ee 43 c6 04 10 00 49 8b c2
0x00007ffea90bd68a:   c3 cc cc cc cc cc 48 89 5c 24 08 57 48 83 ec 20
0x00007ffea90bd69a:   0f b7 59 04 48 8b f9 33 d2 48 8d 4b 01 e8 84 df
0x00007ffea90bd6aa:   f2 ff 0f b7 57 04 4c 8b c0 3b da 0f 42 d3 44 8b
0x00007ffea90bd6ba:   ca 85 d2 74 39 48 2b f8 0f 1f 40 00 66 66 0f 1f
0x00007ffea90bd6ca:   84 00 00 00 00 00 0f b6 4c 07 06 88 08 48 ff c0
0x00007ffea90bd6da:   48 8b c8 49 2b c8 49 3b c9 7c eb 42 c6 04 02 00
0x00007ffea90bd6ea:   49 8b c0 48 8b 5c 24 30 48 83 c4 20 5f c3 48 8b
0x00007ffea90bd6fa:   5c 24 30 c6 04 02 00 48 83 c4 20 5f c3 cc cc cc
0x00007ffea90bd70a:   cc cc cc cc cc cc 4c 8b d1 45 85 c0 7e 6c 44 0f
0x00007ffea90bd71a:   b7 49 04 41 8d 40 ff 41 3b c1 44 0f 4c c8 4d 63
0x00007ffea90bd72a:   d9 45 85 c9 7e 22 48 8b ca 4c 2b d2 4d 8b c3 0f
0x00007ffea90bd73a:   1f 80 00 00 00 00 41 0f b6 44 0a 06 88 01 48 8d
0x00007ffea90bd74a:   49 01 49 83 e8 01 75 ee 41 c6 04 13 00 48 c7 c0
0x00007ffea90bd75a:   ff ff ff ff 66 90 48 ff c0 80 3c 02 00 75 f7 48
0x00007ffea90bd76a:   63 c8 85 c0 48 8b c2 7e 14 80 38 2f 75 03 c6 00
0x00007ffea90bd77a:   2e 48 ff c0 48 83 e9 01 75 ef 48 8b c2 c3 cc cc
0x00007ffea90bd78a:   cc cc cc cc cc cc 48 83 ec 28 e8 f7 fe ff ff 4c 


Stack slot to memory mapping:
stack at sp + 0 slots: 0x0000000000000032 is an unknown value
stack at sp + 1 slots: 0x00000008003e7c18 is a pointer to class: 
nav.photoapp.api.gateway.AuthorizationHeaderFilter {0x00000008003e7c20}
 - instance size:     3
 - klass size:        99
 - access:            public synchronized 
 - state:             fully_initialized
 - name:              'nav/photoapp/api/gateway/AuthorizationHeaderFilter'
 - super:             'org/springframework/cloud/gateway/filter/factory/AbstractGatewayFilterFactory'
 - sub:               
 - arrays:            NULL
 - methods:           Array<T>(0x0000016b599bcf68)
 - method ordering:   Array<T>(0x0000016b599c0590)
 - default_methods:   Array<T>(0x0000016b568aed88)
 - default vtable indices:   Array<T>(0x0000016b568aedc8)
 - local interfaces:  Array<T>(0x0000016b52800058)
 - trans. interfaces: Array<T>(0x0000016b568ae980)
 - constants:         constant pool [201]/operands[7] {0x0000016b599c13e8} for 'nav/photoapp/api/gateway/AuthorizationHeaderFilter' cache=0x0000016b599bdae0
 - class loader data:  loader data: 0x0000016b530446b0 for instance a 'jdk/internal/loader/ClassLoaders$AppClassLoader'{0x0000000704259000}
 - source file:       'AuthorizationHeaderFilter.java'
 - source debug extension:       SMAP
AuthorizationHeaderFilter.java
Java
*S jdt
*F
1 AuthorizationHeaderFilter.java
2 file:/C:/Users/91911/Navneet/SpringBootProject/ws-microsevices/5_ApiGateway/target/classes/
*L
*E

 - class annotations:       Array<T>(0x0000016b599c0530)
 - class type annotations:  Array<T>(0x0000000000000000)
 - field annotations:       Array<T>(0x0000016b599bcf40)
 - field type annotations:  Array<T>(0x0000000000000000)
 - generic signature: '
[error occurred during error reporting (inspecting top of stack), id 0xc0000005, EXCEPTION_ACCESS_VIOLATION (0xc0000005) at pc=0x00007ffea90be2a6]


---------------  P R O C E S S  ---------------

Threads class SMR info:
_java_thread_list=0x0000016b5498ea10, length=42, elements={
0x0000016b530060c0, 0x0000016b53007c80, 0x0000016b53051540, 0x0000016b53051f00,
0x0000016b530528b0, 0x0000016b53053260, 0x0000016b53071520, 0x0000016b53075a20,
0x0000016b530ca530, 0x0000016b53292760, 0x0000016b53293410, 0x0000016b53299040,
0x0000016b53b8f2f0, 0x0000016b53d60ac0, 0x0000016b53d54030, 0x0000016b53d9ec50,
0x0000016b54bc7030, 0x0000016b54bc8b00, 0x0000016b54c1d630, 0x0000016b54de3d50,
0x0000016b54de4220, 0x0000016b54de3880, 0x0000016b54de2540, 0x0000016b54de2070,
0x0000016b57370870, 0x0000016b57370d40, 0x0000016b5736f060, 0x0000016b5736f530,
0x0000016b57372a20, 0x0000016b5736fa00, 0x0000016b57371210, 0x0000016b57371bb0,
0x0000016b573716e0, 0x0000016b57372080, 0x0000016b573703a0, 0x0000016b57372550,
0x0000016b5736fed0, 0x0000016b551ba3f0, 0x0000016b551ba8c0, 0x0000016b551bb730,
0x0000016b551bc5a0, 0x0000016b551bcf40
}

Java Threads: ( => current thread )
  0x0000016b530060c0 JavaThread "Reference Handler" daemon [_thread_blocked, id=18156, stack(0x000000052a000000,0x000000052a100000)]
  0x0000016b53007c80 JavaThread "Finalizer" daemon [_thread_blocked, id=15432, stack(0x000000052a100000,0x000000052a200000)]
  0x0000016b53051540 JavaThread "Signal Dispatcher" daemon [_thread_blocked, id=24852, stack(0x000000052a200000,0x000000052a300000)]
  0x0000016b53051f00 JavaThread "Attach Listener" daemon [_thread_blocked, id=16784, stack(0x000000052a300000,0x000000052a400000)]
  0x0000016b530528b0 JavaThread "Service Thread" daemon [_thread_blocked, id=15220, stack(0x000000052a400000,0x000000052a500000)]
  0x0000016b53053260 JavaThread "Monitor Deflation Thread" daemon [_thread_blocked, id=3640, stack(0x000000052a500000,0x000000052a600000)]
  0x0000016b53071520 JavaThread "C1 CompilerThread0" daemon [_thread_blocked, id=5812, stack(0x000000052a600000,0x000000052a700000)]
  0x0000016b53075a20 JavaThread "Sweeper thread" daemon [_thread_blocked, id=27140, stack(0x000000052a700000,0x000000052a800000)]
  0x0000016b530ca530 JavaThread "Common-Cleaner" daemon [_thread_blocked, id=12352, stack(0x000000052a800000,0x000000052a900000)]
=>0x0000016b53292760 JavaThread "JDWP Transport Listener: dt_socket" daemon [_thread_in_vm, id=26412, stack(0x000000052ac00000,0x000000052ad00000)]
  0x0000016b53293410 JavaThread "JDWP Event Helper Thread" daemon [_thread_blocked, id=19220, stack(0x000000052ad00000,0x000000052ae00000)]
  0x0000016b53299040 JavaThread "JDWP Command Reader" daemon [_thread_in_native, id=23068, stack(0x000000052ae00000,0x000000052af00000)]
  0x0000016b53b8f2f0 JavaThread "Notification Thread" daemon [_thread_blocked, id=19944, stack(0x000000052af00000,0x000000052b000000)]
  0x0000016b53d60ac0 JavaThread "RMI TCP Accept-0" daemon [_thread_in_native, id=22224, stack(0x000000052b000000,0x000000052b100000)]
  0x0000016b53d54030 JavaThread "RMI TCP Accept-58804" daemon [_thread_in_native, id=22472, stack(0x000000052b100000,0x000000052b200000)]
  0x0000016b53d9ec50 JavaThread "RMI TCP Accept-0" daemon [_thread_in_native, id=3308, stack(0x000000052b200000,0x000000052b300000)]
  0x0000016b54bc7030 JavaThread "RMI Scheduler(0)" daemon [_thread_blocked, id=344, stack(0x000000052bd00000,0x000000052be00000)]
  0x0000016b54bc8b00 JavaThread "RMI TCP Connection(idle)" daemon [_thread_blocked, id=2504, stack(0x000000052be00000,0x000000052bf00000)]
  0x0000016b54c1d630 JavaThread "JMX server connection timeout 25" daemon [_thread_blocked, id=17848, stack(0x000000052bf00000,0x000000052c000000)]
  0x0000016b54de3d50 JavaThread "boundedElastic-evictor-1" daemon [_thread_blocked, id=8316, stack(0x000000052c100000,0x000000052c200000)]
  0x0000016b54de4220 JavaThread "spring.cloud.inetutils" daemon [_thread_blocked, id=11012, stack(0x000000052c200000,0x000000052c300000)]
  0x0000016b54de3880 JavaThread "AsyncResolver-bootstrap-0" daemon [_thread_blocked, id=20324, stack(0x000000052c300000,0x000000052c400000)]
  0x0000016b54de2540 JavaThread "DiscoveryClient-0" daemon [_thread_blocked, id=25348, stack(0x000000052c400000,0x000000052c500000)]
  0x0000016b54de2070 JavaThread "DiscoveryClient-1" daemon [_thread_blocked, id=12148, stack(0x000000052c500000,0x000000052c600000)]
  0x0000016b57370870 JavaThread "DiscoveryClient-InstanceInfoReplicator-0" daemon [_thread_blocked, id=22960, stack(0x000000052c600000,0x000000052c700000)]
  0x0000016b57370d40 JavaThread "reactor-http-nio-1" daemon [_thread_in_native, id=14744, stack(0x000000052c700000,0x000000052c800000)]
  0x0000016b5736f060 JavaThread "server" [_thread_blocked, id=18260, stack(0x000000052c800000,0x000000052c900000)]
  0x0000016b5736f530 JavaThread "DestroyJavaVM" [_thread_blocked, id=1660, stack(0x0000000529900000,0x0000000529a00000)]
  0x0000016b57372a20 JavaThread "reactor-http-nio-2" daemon [_thread_in_native, id=20624, stack(0x000000052aa00000,0x000000052ab00000)]
  0x0000016b5736fa00 JavaThread "reactor-http-nio-3" daemon [_thread_blocked, id=2308, stack(0x000000052ab00000,0x000000052ac00000)]
  0x0000016b57371210 JavaThread "parallel-1" daemon [_thread_blocked, id=14136, stack(0x000000052c900000,0x000000052ca00000)]
  0x0000016b57371bb0 JavaThread "pool-10-thread-1" daemon [_thread_blocked, id=22148, stack(0x000000052ca00000,0x000000052cb00000)]
  0x0000016b573716e0 JavaThread "reactor-http-nio-4" daemon [_thread_in_native, id=24700, stack(0x000000052cb00000,0x000000052cc00000)]
  0x0000016b57372080 JavaThread "reactor-http-nio-5" daemon [_thread_in_native, id=22880, stack(0x000000052cc00000,0x000000052cd00000)]
  0x0000016b573703a0 JavaThread "reactor-http-nio-6" daemon [_thread_in_native, id=24640, stack(0x000000052cd00000,0x000000052ce00000)]
  0x0000016b57372550 JavaThread "reactor-http-nio-7" daemon [_thread_in_native, id=8912, stack(0x000000052ce00000,0x000000052cf00000)]
  0x0000016b5736fed0 JavaThread "reactor-http-nio-8" daemon [_thread_in_native, id=23376, stack(0x000000052cf00000,0x000000052d000000)]
  0x0000016b551ba3f0 JavaThread "Thread-11" daemon [_thread_in_native, id=16796, stack(0x000000052d000000,0x000000052d100000)]
  0x0000016b551ba8c0 JavaThread "DiscoveryClient-CacheRefreshExecutor-0" daemon [_thread_blocked, id=23160, stack(0x000000052d300000,0x000000052d400000)]
  0x0000016b551bb730 JavaThread "DiscoveryClient-HeartbeatExecutor-0" daemon [_thread_blocked, id=22200, stack(0x000000052d400000,0x000000052d500000)]
  0x0000016b551bc5a0 JavaThread "parallel-2" daemon [_thread_blocked, id=19800, stack(0x0000000529700000,0x0000000529800000)]
  0x0000016b551bcf40 JavaThread "AsyncResolver-bootstrap-executor-0" daemon [_thread_blocked, id=7544, stack(0x0000000529800000,0x0000000529900000)]

Other Threads:
  0x0000016b53023bb0 VMThread "VM Thread" [stack: 0x0000000529f00000,0x000000052a000000] [id=4752]
  0x0000016b53e35000 WatcherThread [stack: 0x000000052bb00000,0x000000052bc00000] [id=19308]
  0x0000016b3feb71a0 GCTaskThread "GC Thread#0" [stack: 0x0000000529a00000,0x0000000529b00000] [id=26472]
  0x0000016b53da7680 GCTaskThread "GC Thread#1" [stack: 0x000000052b300000,0x000000052b400000] [id=13488]
  0x0000016b53da7d40 GCTaskThread "GC Thread#2" [stack: 0x000000052b400000,0x000000052b500000] [id=21736]
  0x0000016b53da7ff0 GCTaskThread "GC Thread#3" [stack: 0x000000052b500000,0x000000052b600000] [id=27332]
  0x0000016b53d9f330 GCTaskThread "GC Thread#4" [stack: 0x000000052b600000,0x000000052b700000] [id=27260]
  0x0000016b53da15f0 GCTaskThread "GC Thread#5" [stack: 0x000000052b700000,0x000000052b800000] [id=15120]
  0x0000016b53e44480 GCTaskThread "GC Thread#6" [stack: 0x000000052b800000,0x000000052b900000] [id=13688]
  0x0000016b53e44730 GCTaskThread "GC Thread#7" [stack: 0x000000052b900000,0x000000052ba00000] [id=22316]
  0x0000016b3fec7bf0 ConcurrentGCThread "G1 Main Marker" [stack: 0x0000000529b00000,0x0000000529c00000] [id=23356]
  0x0000016b3fec9c50 ConcurrentGCThread "G1 Conc#0" [stack: 0x0000000529c00000,0x0000000529d00000] [id=12196]
  0x0000016b54e67330 ConcurrentGCThread "G1 Conc#1" [stack: 0x000000052c000000,0x000000052c100000] [id=9912]
  0x0000016b525544e0 ConcurrentGCThread "G1 Refine#0" [stack: 0x0000000529d00000,0x0000000529e00000] [id=2372]
  0x0000016b53da20c0 ConcurrentGCThread "G1 Refine#1" [stack: 0x000000052ba00000,0x000000052bb00000] [id=3532]
  0x0000016b3ff1f000 ConcurrentGCThread "G1 Service" [stack: 0x0000000529e00000,0x0000000529f00000] [id=16192]

Threads with active compile tasks:

VM state: not at safepoint (normal execution)

VM Mutex/Monitor currently owned by a thread: None

Heap address: 0x0000000704000000, size: 4032 MB, Compressed Oops mode: Zero based, Oop shift amount: 3

CDS archive(s) not mapped
Compressed class space mapped at: 0x0000000800000000-0x0000000840000000, reserved size: 1073741824
Narrow klass base: 0x0000000800000000, Narrow klass shift: 0, Narrow klass range: 0x40000000

GC Precious Log:
 CPUs: 8 total, 8 available
 Memory: 16122M
 Large Page Support: Disabled
 NUMA Support: Disabled
 Compressed Oops: Enabled (Zero based)
 Heap Region Size: 2M
 Heap Min Capacity: 8M
 Heap Initial Capacity: 252M
 Heap Max Capacity: 4032M
 Pre-touch: Disabled
 Parallel Workers: 8
 Concurrent Workers: 2
 Concurrent Refinement Workers: 8
 Periodic GC: Disabled

Heap:
 garbage-first heap   total 159744K, used 97239K [0x0000000704000000, 0x0000000800000000)
  region size 2048K, 42 young (86016K), 5 survivors (10240K)
 Metaspace       used 58560K, committed 59072K, reserved 1105920K
  class space    used 7817K, committed 8064K, reserved 1048576K

Heap Regions: E=young(eden), S=young(survivor), O=old, HS=humongous(starts), HC=humongous(continues), CS=collection set, F=free, OA=open archive, CA=closed archive, TAMS=top-at-mark-start (previous, next)
|   0|0x0000000704000000, 0x0000000704200000, 0x0000000704200000|100%| O|  |TAMS 0x0000000704200000, 0x0000000704000000| Untracked 
|   1|0x0000000704200000, 0x0000000704400000, 0x0000000704400000|100%| O|  |TAMS 0x0000000704400000, 0x0000000704200000| Untracked 
|   2|0x0000000704400000, 0x0000000704600000, 0x0000000704600000|100%| O|  |TAMS 0x0000000704600000, 0x0000000704400000| Untracked 
|   3|0x0000000704600000, 0x0000000704677a00, 0x0000000704800000| 23%| O|  |TAMS 0x0000000704600000, 0x0000000704600000| Untracked 
|   4|0x0000000704800000, 0x0000000704a00000, 0x0000000704a00000|100%| O|  |TAMS 0x0000000704a00000, 0x0000000704800000| Untracked 
|   5|0x0000000704a00000, 0x0000000704a00000, 0x0000000704c00000|  0%| F|  |TAMS 0x0000000704a00000, 0x0000000704a00000| Untracked 
|   6|0x0000000704c00000, 0x0000000704c00000, 0x0000000704e00000|  0%| F|  |TAMS 0x0000000704c00000, 0x0000000704c00000| Untracked 
|   7|0x0000000704e00000, 0x0000000704e00000, 0x0000000705000000|  0%| F|  |TAMS 0x0000000704e00000, 0x0000000704e00000| Untracked 
|   8|0x0000000705000000, 0x0000000705000000, 0x0000000705200000|  0%| F|  |TAMS 0x0000000705000000, 0x0000000705000000| Untracked 
|   9|0x0000000705200000, 0x0000000705400000, 0x0000000705400000|100%| O|  |TAMS 0x0000000705200000, 0x0000000705200000| Untracked 
|  10|0x0000000705400000, 0x0000000705600000, 0x0000000705600000|100%| O|  |TAMS 0x0000000705400000, 0x0000000705400000| Untracked 
|  11|0x0000000705600000, 0x0000000705800000, 0x0000000705800000|100%| O|  |TAMS 0x0000000705600000, 0x0000000705600000| Untracked 
|  12|0x0000000705800000, 0x0000000705a00000, 0x0000000705a00000|100%| O|  |TAMS 0x0000000705800000, 0x0000000705800000| Untracked 
|  13|0x0000000705a00000, 0x0000000705a00000, 0x0000000705c00000|  0%| F|  |TAMS 0x0000000705a00000, 0x0000000705a00000| Untracked 
|  14|0x0000000705c00000, 0x0000000705c00000, 0x0000000705e00000|  0%| F|  |TAMS 0x0000000705c00000, 0x0000000705c00000| Untracked 
|  15|0x0000000705e00000, 0x0000000705e00000, 0x0000000706000000|  0%| F|  |TAMS 0x0000000705e00000, 0x0000000705e00000| Untracked 
|  16|0x0000000706000000, 0x0000000706000000, 0x0000000706200000|  0%| F|  |TAMS 0x0000000706000000, 0x0000000706000000| Untracked 
|  17|0x0000000706200000, 0x0000000706200000, 0x0000000706400000|  0%| F|  |TAMS 0x0000000706200000, 0x0000000706200000| Untracked 
|  18|0x0000000706400000, 0x0000000706400000, 0x0000000706600000|  0%| F|  |TAMS 0x0000000706400000, 0x0000000706400000| Untracked 
|  19|0x0000000706600000, 0x0000000706600000, 0x0000000706800000|  0%| F|  |TAMS 0x0000000706600000, 0x0000000706600000| Untracked 
|  20|0x0000000706800000, 0x0000000706800000, 0x0000000706a00000|  0%| F|  |TAMS 0x0000000706800000, 0x0000000706800000| Untracked 
|  21|0x0000000706a00000, 0x0000000706a00000, 0x0000000706c00000|  0%| F|  |TAMS 0x0000000706a00000, 0x0000000706a00000| Untracked 
|  22|0x0000000706c00000, 0x0000000706c00000, 0x0000000706e00000|  0%| F|  |TAMS 0x0000000706c00000, 0x0000000706c00000| Untracked 
|  23|0x0000000706e00000, 0x0000000706e00000, 0x0000000707000000|  0%| F|  |TAMS 0x0000000706e00000, 0x0000000706e00000| Untracked 
|  24|0x0000000707000000, 0x0000000707000000, 0x0000000707200000|  0%| F|  |TAMS 0x0000000707000000, 0x0000000707000000| Untracked 
|  25|0x0000000707200000, 0x0000000707200000, 0x0000000707400000|  0%| F|  |TAMS 0x0000000707200000, 0x0000000707200000| Untracked 
|  26|0x0000000707400000, 0x0000000707400000, 0x0000000707600000|  0%| F|  |TAMS 0x0000000707400000, 0x0000000707400000| Untracked 
|  27|0x0000000707600000, 0x000000070767e430, 0x0000000707800000| 24%| S|CS|TAMS 0x0000000707600000, 0x0000000707600000| Complete 
|  28|0x0000000707800000, 0x0000000707a00000, 0x0000000707a00000|100%| S|CS|TAMS 0x0000000707800000, 0x0000000707800000| Complete 
|  29|0x0000000707a00000, 0x0000000707a00000, 0x0000000707c00000|  0%| F|  |TAMS 0x0000000707a00000, 0x0000000707a00000| Untracked 
|  30|0x0000000707c00000, 0x0000000707c00000, 0x0000000707e00000|  0%| F|  |TAMS 0x0000000707c00000, 0x0000000707c00000| Untracked 
|  31|0x0000000707e00000, 0x0000000707e00000, 0x0000000708000000|  0%| F|  |TAMS 0x0000000707e00000, 0x0000000707e00000| Untracked 
|  32|0x0000000708000000, 0x0000000708000000, 0x0000000708200000|  0%| F|  |TAMS 0x0000000708000000, 0x0000000708000000| Untracked 
|  33|0x0000000708200000, 0x0000000708400000, 0x0000000708400000|100%| S|CS|TAMS 0x0000000708200000, 0x0000000708200000| Complete 
|  34|0x0000000708400000, 0x0000000708600000, 0x0000000708600000|100%| S|CS|TAMS 0x0000000708400000, 0x0000000708400000| Complete 
|  35|0x0000000708600000, 0x0000000708800000, 0x0000000708800000|100%| S|CS|TAMS 0x0000000708600000, 0x0000000708600000| Complete 
|  36|0x0000000708800000, 0x0000000708800000, 0x0000000708a00000|  0%| F|  |TAMS 0x0000000708800000, 0x0000000708800000| Untracked 
|  37|0x0000000708a00000, 0x0000000708a00000, 0x0000000708c00000|  0%| F|  |TAMS 0x0000000708a00000, 0x0000000708a00000| Untracked 
|  38|0x0000000708c00000, 0x0000000708c00000, 0x0000000708e00000|  0%| F|  |TAMS 0x0000000708c00000, 0x0000000708c00000| Untracked 
|  39|0x0000000708e00000, 0x0000000708e00000, 0x0000000709000000|  0%| F|  |TAMS 0x0000000708e00000, 0x0000000708e00000| Untracked 
|  40|0x0000000709000000, 0x0000000709000000, 0x0000000709200000|  0%| F|  |TAMS 0x0000000709000000, 0x0000000709000000| Untracked 
|  41|0x0000000709200000, 0x00000007092467e8, 0x0000000709400000| 13%| E|  |TAMS 0x0000000709200000, 0x0000000709200000| Complete 
|  42|0x0000000709400000, 0x0000000709600000, 0x0000000709600000|100%| E|CS|TAMS 0x0000000709400000, 0x0000000709400000| Complete 
|  43|0x0000000709600000, 0x0000000709800000, 0x0000000709800000|100%| E|CS|TAMS 0x0000000709600000, 0x0000000709600000| Complete 
|  44|0x0000000709800000, 0x0000000709a00000, 0x0000000709a00000|100%| E|CS|TAMS 0x0000000709800000, 0x0000000709800000| Complete 
|  45|0x0000000709a00000, 0x0000000709c00000, 0x0000000709c00000|100%| E|CS|TAMS 0x0000000709a00000, 0x0000000709a00000| Complete 
|  46|0x0000000709c00000, 0x0000000709e00000, 0x0000000709e00000|100%| E|CS|TAMS 0x0000000709c00000, 0x0000000709c00000| Complete 
|  47|0x0000000709e00000, 0x000000070a000000, 0x000000070a000000|100%| E|CS|TAMS 0x0000000709e00000, 0x0000000709e00000| Complete 
|  48|0x000000070a000000, 0x000000070a200000, 0x000000070a200000|100%| E|CS|TAMS 0x000000070a000000, 0x000000070a000000| Complete 
|  49|0x000000070a200000, 0x000000070a400000, 0x000000070a400000|100%| E|CS|TAMS 0x000000070a200000, 0x000000070a200000| Complete 
|  50|0x000000070a400000, 0x000000070a600000, 0x000000070a600000|100%| E|CS|TAMS 0x000000070a400000, 0x000000070a400000| Complete 
|  51|0x000000070a600000, 0x000000070a800000, 0x000000070a800000|100%| E|CS|TAMS 0x000000070a600000, 0x000000070a600000| Complete 
|  52|0x000000070a800000, 0x000000070aa00000, 0x000000070aa00000|100%| E|CS|TAMS 0x000000070a800000, 0x000000070a800000| Complete 
|  53|0x000000070aa00000, 0x000000070ac00000, 0x000000070ac00000|100%| E|CS|TAMS 0x000000070aa00000, 0x000000070aa00000| Complete 
|  54|0x000000070ac00000, 0x000000070ae00000, 0x000000070ae00000|100%| E|  |TAMS 0x000000070ac00000, 0x000000070ac00000| Complete 
|  55|0x000000070ae00000, 0x000000070b000000, 0x000000070b000000|100%| E|CS|TAMS 0x000000070ae00000, 0x000000070ae00000| Complete 
|  56|0x000000070b000000, 0x000000070b200000, 0x000000070b200000|100%| E|CS|TAMS 0x000000070b000000, 0x000000070b000000| Complete 
|  57|0x000000070b200000, 0x000000070b400000, 0x000000070b400000|100%| E|CS|TAMS 0x000000070b200000, 0x000000070b200000| Complete 
|  58|0x000000070b400000, 0x000000070b600000, 0x000000070b600000|100%| E|CS|TAMS 0x000000070b400000, 0x000000070b400000| Complete 
|  59|0x000000070b600000, 0x000000070b800000, 0x000000070b800000|100%| E|CS|TAMS 0x000000070b600000, 0x000000070b600000| Complete 
|  60|0x000000070b800000, 0x000000070ba00000, 0x000000070ba00000|100%| E|CS|TAMS 0x000000070b800000, 0x000000070b800000| Complete 
|  61|0x000000070ba00000, 0x000000070bc00000, 0x000000070bc00000|100%| E|CS|TAMS 0x000000070ba00000, 0x000000070ba00000| Complete 
|  62|0x000000070bc00000, 0x000000070be00000, 0x000000070be00000|100%| E|CS|TAMS 0x000000070bc00000, 0x000000070bc00000| Complete 
|  63|0x000000070be00000, 0x000000070c000000, 0x000000070c000000|100%| E|CS|TAMS 0x000000070be00000, 0x000000070be00000| Complete 
|  64|0x000000070c000000, 0x000000070c200000, 0x000000070c200000|100%| E|CS|TAMS 0x000000070c000000, 0x000000070c000000| Complete 
|  65|0x000000070c200000, 0x000000070c400000, 0x000000070c400000|100%| E|CS|TAMS 0x000000070c200000, 0x000000070c200000| Complete 
|  66|0x000000070c400000, 0x000000070c600000, 0x000000070c600000|100%| E|CS|TAMS 0x000000070c400000, 0x000000070c400000| Complete 
|  67|0x000000070c600000, 0x000000070c800000, 0x000000070c800000|100%| E|CS|TAMS 0x000000070c600000, 0x000000070c600000| Complete 
|  68|0x000000070c800000, 0x000000070ca00000, 0x000000070ca00000|100%| E|CS|TAMS 0x000000070c800000, 0x000000070c800000| Complete 
|  69|0x000000070ca00000, 0x000000070cc00000, 0x000000070cc00000|100%| E|CS|TAMS 0x000000070ca00000, 0x000000070ca00000| Complete 
|  70|0x000000070cc00000, 0x000000070ce00000, 0x000000070ce00000|100%| E|CS|TAMS 0x000000070cc00000, 0x000000070cc00000| Complete 
|  71|0x000000070ce00000, 0x000000070d000000, 0x000000070d000000|100%| E|CS|TAMS 0x000000070ce00000, 0x000000070ce00000| Complete 
|  72|0x000000070d000000, 0x000000070d200000, 0x000000070d200000|100%| E|CS|TAMS 0x000000070d000000, 0x000000070d000000| Complete 
|  73|0x000000070d200000, 0x000000070d400000, 0x000000070d400000|100%| E|CS|TAMS 0x000000070d200000, 0x000000070d200000| Complete 
|  74|0x000000070d400000, 0x000000070d600000, 0x000000070d600000|100%| E|CS|TAMS 0x000000070d400000, 0x000000070d400000| Complete 
|  75|0x000000070d600000, 0x000000070d800000, 0x000000070d800000|100%| E|CS|TAMS 0x000000070d600000, 0x000000070d600000| Complete 
|  76|0x000000070d800000, 0x000000070da00000, 0x000000070da00000|100%| E|CS|TAMS 0x000000070d800000, 0x000000070d800000| Complete 
| 125|0x0000000713a00000, 0x0000000713c00000, 0x0000000713c00000|100%| E|CS|TAMS 0x0000000713a00000, 0x0000000713a00000| Complete 

Card table byte_map: [0x0000016b46e00000,0x0000016b475e0000] _byte_map_base: 0x0000016b435e0000

Marking Bits (Prev, Next): (CMBitMap*) 0x0000016b3feb7650, (CMBitMap*) 0x0000016b3feb7690
 Prev Bits: [0x0000016b47dc0000, 0x0000016b4bcc0000)
 Next Bits: [0x0000016b4bcc0000, 0x0000016b4fbc0000)

Polling page: 0x0000016b3de30000

Metaspace:

Usage:
  Non-class:     49.55 MB used.
      Class:      7.63 MB used.
       Both:     57.19 MB used.

Virtual space:
  Non-class space:       56.00 MB reserved,      49.81 MB ( 89%) committed,  7 nodes.
      Class space:        1.00 GB reserved,       7.88 MB ( <1%) committed,  1 nodes.
             Both:        1.05 GB reserved,      57.69 MB (  5%) committed. 

Chunk freelists:
   Non-Class:  2.23 MB
       Class:  191.00 KB
        Both:  2.42 MB

MaxMetaspaceSize: unlimited
CompressedClassSpaceSize: 1.00 GB
Initial GC threshold: 21.00 MB
Current GC threshold: 58.75 MB
CDS: off
MetaspaceReclaimPolicy: balanced
 - commit_granule_bytes: 65536.
 - commit_granule_words: 8192.
 - virtual_space_node_default_size: 1048576.
 - enlarge_chunks_in_place: 1.
 - new_chunks_are_fully_committed: 0.
 - uncommit_free_chunks: 1.
 - use_allocation_guard: 0.
 - handle_deallocations: 1.


Internal statistics:

num_allocs_failed_limit: 6.
num_arena_births: 654.
num_arena_deaths: 0.
num_vsnodes_births: 8.
num_vsnodes_deaths: 0.
num_space_committed: 923.
num_space_uncommitted: 0.
num_chunks_returned_to_freelist: 6.
num_chunks_taken_from_freelist: 2489.
num_chunk_merges: 3.
num_chunk_splits: 1655.
num_chunks_enlarged: 1194.
num_purges: 0.
num_inconsistent_stats: 0.

CodeCache: size=49152Kb used=12371Kb max_used=13684Kb free=36780Kb
 bounds [0x0000016b43510000, 0x0000016b44270000, 0x0000016b46510000]
 total_blobs=6995 nmethods=6377 adapters=543
 compilation: enabled
              stopped_count=0, restarted_count=0
 full_count=0

Compilation events (20 events):
Event: 814.331 Thread 0x0000016b53071520 6368       1       sun.nio.ch.IOStatus::okayToRetry (22 bytes)
Event: 814.331 Thread 0x0000016b53071520 nmethod 6368 0x0000016b43680510 code [0x0000016b436806a0, 0x0000016b43680778]
Event: 814.565 Thread 0x0000016b53071520 6369   !   1       sun.nio.ch.NioSocketImpl::setOption (545 bytes)
Event: 814.567 Thread 0x0000016b53071520 nmethod 6369 0x0000016b4367ce90 code [0x0000016b4367d2e0, 0x0000016b4367ee38]
Event: 814.567 Thread 0x0000016b53071520 6370       1       org.springframework.http.HttpHeaders::getFirst (14 bytes)
Event: 814.567 Thread 0x0000016b53071520 nmethod 6370 0x0000016b4367cb10 code [0x0000016b4367cca0, 0x0000016b4367cde8]
Event: 814.567 Thread 0x0000016b53071520 6371       1       org.springframework.core.ResolvableType$SyntheticParameterizedType::hashCode (19 bytes)
Event: 814.567 Thread 0x0000016b53071520 nmethod 6371 0x0000016b4367c790 code [0x0000016b4367c940, 0x0000016b4367ca78]
Event: 818.506 Thread 0x0000016b53071520 6372       1       io.netty.handler.codec.http.HttpObjectDecoder::isSPLenient (36 bytes)
Event: 818.506 Thread 0x0000016b53071520 nmethod 6372 0x0000016b4367c490 code [0x0000016b4367c620, 0x0000016b4367c718]
Event: 818.506 Thread 0x0000016b53071520 6373       1       io.netty.buffer.AbstractByteBuf::forEachByteAsc0 (29 bytes)
Event: 818.506 Thread 0x0000016b53071520 nmethod 6373 0x0000016b4367c090 code [0x0000016b4367c240, 0x0000016b4367c3d8]
Event: 818.506 Thread 0x0000016b53071520 6374       1       io.netty.util.internal.PlatformDependent::hasUnsafe (12 bytes)
Event: 818.506 Thread 0x0000016b53071520 nmethod 6374 0x0000016b4367bd90 code [0x0000016b4367bf20, 0x0000016b4367bfd8]
Event: 818.506 Thread 0x0000016b53071520 6375       1       io.netty.handler.codec.http.DefaultHttpHeaders$1::process (6 bytes)
Event: 818.506 Thread 0x0000016b53071520 nmethod 6375 0x0000016b4367ba90 code [0x0000016b4367bc20, 0x0000016b4367bd08]
Event: 818.506 Thread 0x0000016b53071520 6376       1       io.netty.handler.codec.http.DefaultHttpHeaders::access$000 (5 bytes)
Event: 818.506 Thread 0x0000016b53071520 nmethod 6376 0x0000016b4367b790 code [0x0000016b4367b920, 0x0000016b4367b9e8]
Event: 818.506 Thread 0x0000016b53071520 6377       1       io.netty.handler.codec.http.DefaultHttpHeaders::validateHeaderNameElement (323 bytes)
Event: 818.507 Thread 0x0000016b53071520 nmethod 6377 0x0000016b4367aa90 code [0x0000016b4367ace0, 0x0000016b4367b3f8]

GC Heap History (20 events):
Event: 1.648 GC heap before
{Heap before GC invocations=4 (full 0):
 garbage-first heap   total 55296K, used 40152K [0x0000000704000000, 0x0000000800000000)
  region size 2048K, 18 young (36864K), 2 survivors (4096K)
 Metaspace       used 23929K, committed 24192K, reserved 1073152K
  class space    used 2756K, committed 2880K, reserved 1048576K
}
Event: 1.651 GC heap after
{Heap after GC invocations=5 (full 0):
 garbage-first heap   total 55296K, used 10052K [0x0000000704000000, 0x0000000800000000)
  region size 2048K, 2 young (4096K), 2 survivors (4096K)
 Metaspace       used 23929K, committed 24192K, reserved 1073152K
  class space    used 2756K, committed 2880K, reserved 1048576K
}
Event: 1.658 GC heap before
{Heap before GC invocations=5 (full 0):
 garbage-first heap   total 55296K, used 12100K [0x0000000704000000, 0x0000000800000000)
  region size 2048K, 3 young (6144K), 2 survivors (4096K)
 Metaspace       used 24111K, committed 24384K, reserved 1073152K
  class space    used 2784K, committed 2944K, reserved 1048576K
}
Event: 1.661 GC heap after
{Heap after GC invocations=6 (full 0):
 garbage-first heap   total 55296K, used 10079K [0x0000000704000000, 0x0000000800000000)
  region size 2048K, 1 young (2048K), 1 survivors (2048K)
 Metaspace       used 24111K, committed 24384K, reserved 1073152K
  class space    used 2784K, committed 2944K, reserved 1048576K
}
Event: 1.757 GC heap before
{Heap before GC invocations=6 (full 0):
 garbage-first heap   total 55296K, used 36703K [0x0000000704000000, 0x0000000800000000)
  region size 2048K, 14 young (28672K), 1 survivors (2048K)
 Metaspace       used 26195K, committed 26496K, reserved 1073152K
  class space    used 3148K, committed 3328K, reserved 1048576K
}
Event: 1.759 GC heap after
{Heap after GC invocations=7 (full 0):
 garbage-first heap   total 157696K, used 10707K [0x0000000704000000, 0x0000000800000000)
  region size 2048K, 1 young (2048K), 1 survivors (2048K)
 Metaspace       used 26195K, committed 26496K, reserved 1073152K
  class space    used 3148K, committed 3328K, reserved 1048576K
}
Event: 2.038 GC heap before
{Heap before GC invocations=7 (full 0):
 garbage-first heap   total 157696K, used 102867K [0x0000000704000000, 0x0000000800000000)
  region size 2048K, 46 young (94208K), 1 survivors (2048K)
 Metaspace       used 32529K, committed 32832K, reserved 1081344K
  class space    used 3940K, committed 4096K, reserved 1048576K
}
Event: 2.042 GC heap after
{Heap after GC invocations=8 (full 0):
 garbage-first heap   total 157696K, used 12529K [0x0000000704000000, 0x0000000800000000)
  region size 2048K, 2 young (4096K), 2 survivors (4096K)
 Metaspace       used 32529K, committed 32832K, reserved 1081344K
  class space    used 3940K, committed 4096K, reserved 1048576K
}
Event: 2.401 GC heap before
{Heap before GC invocations=8 (full 0):
 garbage-first heap   total 157696K, used 59633K [0x0000000704000000, 0x0000000800000000)
  region size 2048K, 26 young (53248K), 2 survivors (4096K)
 Metaspace       used 35644K, committed 35968K, reserved 1081344K
  class space    used 4416K, committed 4608K, reserved 1048576K
}
Event: 2.405 GC heap after
{Heap after GC invocations=9 (full 0):
 garbage-first heap   total 157696K, used 14362K [0x0000000704000000, 0x0000000800000000)
  region size 2048K, 3 young (6144K), 3 survivors (6144K)
 Metaspace       used 35644K, committed 35968K, reserved 1081344K
  class space    used 4416K, committed 4608K, reserved 1048576K
}
Event: 2.634 GC heap before
{Heap before GC invocations=10 (full 0):
 garbage-first heap   total 61440K, used 49178K [0x0000000704000000, 0x0000000800000000)
  region size 2048K, 21 young (43008K), 3 survivors (6144K)
 Metaspace       used 39221K, committed 39552K, reserved 1089536K
  class space    used 4939K, committed 5120K, reserved 1048576K
}
Event: 2.640 GC heap after
{Heap after GC invocations=11 (full 0):
 garbage-first heap   total 61440K, used 16175K [0x0000000704000000, 0x0000000800000000)
  region size 2048K, 4 young (8192K), 4 survivors (8192K)
 Metaspace       used 39221K, committed 39552K, reserved 1089536K
  class space    used 4939K, committed 5120K, reserved 1048576K
}
Event: 2.661 GC heap before
{Heap before GC invocations=11 (full 0):
 garbage-first heap   total 61440K, used 18223K [0x0000000704000000, 0x0000000800000000)
  region size 2048K, 5 young (10240K), 4 survivors (8192K)
 Metaspace       used 39323K, committed 39680K, reserved 1089536K
  class space    used 4958K, committed 5120K, reserved 1048576K
}
Event: 2.669 GC heap after
{Heap after GC invocations=12 (full 0):
 garbage-first heap   total 61440K, used 17016K [0x0000000704000000, 0x0000000800000000)
  region size 2048K, 1 young (2048K), 1 survivors (2048K)
 Metaspace       used 39323K, committed 39680K, reserved 1089536K
  class space    used 4958K, committed 5120K, reserved 1048576K
}
Event: 2.957 GC heap before
{Heap before GC invocations=12 (full 0):
 garbage-first heap   total 61440K, used 47736K [0x0000000704000000, 0x0000000800000000)
  region size 2048K, 16 young (32768K), 1 survivors (2048K)
 Metaspace       used 41006K, committed 41408K, reserved 1089536K
  class space    used 5194K, committed 5376K, reserved 1048576K
}
Event: 2.961 GC heap after
{Heap after GC invocations=13 (full 0):
 garbage-first heap   total 159744K, used 17140K [0x0000000704000000, 0x0000000800000000)
  region size 2048K, 1 young (2048K), 1 survivors (2048K)
 Metaspace       used 41006K, committed 41408K, reserved 1089536K
  class space    used 5194K, committed 5376K, reserved 1048576K
}
Event: 3.767 GC heap before
{Heap before GC invocations=13 (full 0):
 garbage-first heap   total 159744K, used 109300K [0x0000000704000000, 0x0000000800000000)
  region size 2048K, 46 young (94208K), 1 survivors (2048K)
 Metaspace       used 48031K, committed 48448K, reserved 1097728K
  class space    used 6256K, committed 6464K, reserved 1048576K
}
Event: 3.774 GC heap after
{Heap after GC invocations=14 (full 0):
 garbage-first heap   total 159744K, used 22282K [0x0000000704000000, 0x0000000800000000)
  region size 2048K, 4 young (8192K), 4 survivors (8192K)
 Metaspace       used 48031K, committed 48448K, reserved 1097728K
  class space    used 6256K, committed 6464K, reserved 1048576K
}
Event: 13.456 GC heap before
{Heap before GC invocations=14 (full 0):
 garbage-first heap   total 159744K, used 108298K [0x0000000704000000, 0x0000000800000000)
  region size 2048K, 46 young (94208K), 4 survivors (8192K)
 Metaspace       used 55712K, committed 56256K, reserved 1097728K
  class space    used 7342K, committed 7616K, reserved 1048576K
}
Event: 13.476 GC heap after
{Heap after GC invocations=15 (full 0):
 garbage-first heap   total 159744K, used 25559K [0x0000000704000000, 0x0000000800000000)
  region size 2048K, 5 young (10240K), 5 survivors (10240K)
 Metaspace       used 55712K, committed 56256K, reserved 1097728K
  class space    used 7342K, committed 7616K, reserved 1048576K
}

Deoptimization events (20 events):
Event: 694.295 Thread 0x0000016b551bb730 DEOPT PACKING pc=0x0000016b436d4714 sp=0x000000052d4fd870
Event: 694.295 Thread 0x0000016b551bb730 DEOPT UNPACKING pc=0x0000016b43566763 sp=0x000000052d4fcd80 mode 1
Event: 694.497 Thread 0x0000016b551ba8c0 DEOPT PACKING pc=0x0000016b436d4714 sp=0x000000052d3fd9d0
Event: 694.497 Thread 0x0000016b551ba8c0 DEOPT UNPACKING pc=0x0000016b43566763 sp=0x000000052d3fcee0 mode 1
Event: 724.299 Thread 0x0000016b551bb730 DEOPT PACKING pc=0x0000016b436d4714 sp=0x000000052d4fd870
Event: 724.299 Thread 0x0000016b551bb730 DEOPT UNPACKING pc=0x0000016b43566763 sp=0x000000052d4fcd80 mode 1
Event: 724.517 Thread 0x0000016b551ba8c0 DEOPT PACKING pc=0x0000016b436d4714 sp=0x000000052d3fd9d0
Event: 724.517 Thread 0x0000016b551ba8c0 DEOPT UNPACKING pc=0x0000016b43566763 sp=0x000000052d3fcee0 mode 1
Event: 754.311 Thread 0x0000016b551bb730 DEOPT PACKING pc=0x0000016b436d4714 sp=0x000000052d4fd870
Event: 754.311 Thread 0x0000016b551bb730 DEOPT UNPACKING pc=0x0000016b43566763 sp=0x000000052d4fcd80 mode 1
Event: 754.527 Thread 0x0000016b551ba8c0 DEOPT PACKING pc=0x0000016b436d4714 sp=0x000000052d3fd9d0
Event: 754.527 Thread 0x0000016b551ba8c0 DEOPT UNPACKING pc=0x0000016b43566763 sp=0x000000052d3fcee0 mode 1
Event: 784.317 Thread 0x0000016b551bb730 DEOPT PACKING pc=0x0000016b436d4714 sp=0x000000052d4fd870
Event: 784.317 Thread 0x0000016b551bb730 DEOPT UNPACKING pc=0x0000016b43566763 sp=0x000000052d4fcd80 mode 1
Event: 784.550 Thread 0x0000016b551ba8c0 DEOPT PACKING pc=0x0000016b436d4714 sp=0x000000052d3fd9d0
Event: 784.550 Thread 0x0000016b551ba8c0 DEOPT UNPACKING pc=0x0000016b43566763 sp=0x000000052d3fcee0 mode 1
Event: 814.331 Thread 0x0000016b551bb730 DEOPT PACKING pc=0x0000016b436d4714 sp=0x000000052d4fd870
Event: 814.331 Thread 0x0000016b551bb730 DEOPT UNPACKING pc=0x0000016b43566763 sp=0x000000052d4fcd80 mode 1
Event: 814.565 Thread 0x0000016b551ba8c0 DEOPT PACKING pc=0x0000016b436d4714 sp=0x000000052d3fd9d0
Event: 814.565 Thread 0x0000016b551ba8c0 DEOPT UNPACKING pc=0x0000016b43566763 sp=0x000000052d3fcee0 mode 1

Classes unloaded (0 events):
No events

Classes redefined (5 events):
Event: 626.763 Thread 0x0000016b53023bb0 redefined class name=nav.photoapp.api.gateway.AuthorizationHeaderFilter, count=1
Event: 626.763 Thread 0x0000016b53023bb0 redefined class name=nav.photoapp.api.gateway.AuthorizationHeaderFilter$Config, count=1
Event: 807.915 Thread 0x0000016b53023bb0 redefined class name=nav.photoapp.api.gateway.AuthorizationHeaderFilter, count=2
Event: 807.915 Thread 0x0000016b53023bb0 redefined class name=nav.photoapp.api.gateway.AuthorizationHeaderFilter$Config, count=2
Event: 807.915 Thread 0x0000016b53023bb0 redefined class name=nav.photoapp.api.gateway.Application, count=1

Internal exceptions (20 events):
Event: 13.282 Thread 0x0000016b5736fa00 Exception <a 'java/lang/NoSuchMethodError'{0x0000000709088b78}: 'void java.lang.invoke.DirectMethodHandle$Holder.invokeSpecial(java.lang.Object, java.lang.Object, java.lang.Object, java.lang.Object, java.lang.Object, java.lang.Object, java.lang.Object)'> (0x0000000709088b78) 
thrown [e:\jenkins\tmp\workspace\build\src\src\hotspot\share\interpreter\linkResolver.cpp, line 766]
Event: 13.334 Thread 0x0000016b5736fa00 Exception <a 'java/lang/NoSuchMethodError'{0x0000000708f7bc30}: 'java.lang.Object java.lang.invoke.DirectMethodHandle$Holder.newInvokeSpecial(java.lang.Object, java.lang.Object, java.lang.Object, int)'> (0x0000000708f7bc30) 
thrown [e:\jenkins\tmp\workspace\build\src\src\hotspot\share\interpreter\linkResolver.cpp, line 766]
Event: 13.334 Thread 0x0000016b5736fa00 Exception <a 'java/lang/NoSuchMethodError'{0x0000000708f80c60}: 'java.lang.Object java.lang.invoke.DirectMethodHandle$Holder.invokeSpecial(java.lang.Object, java.lang.Object, java.lang.Object, java.lang.Object, int)'> (0x0000000708f80c60) 
thrown [e:\jenkins\tmp\workspace\build\src\src\hotspot\share\interpreter\linkResolver.cpp, line 766]
Event: 13.335 Thread 0x0000016b5736fa00 Exception <a 'java/lang/NoSuchMethodError'{0x0000000708f85570}: 'java.lang.Object java.lang.invoke.Invokers$Holder.linkToTargetMethod(java.lang.Object, java.lang.Object, int, java.lang.Object)'> (0x0000000708f85570) 
thrown [e:\jenkins\tmp\workspace\build\src\src\hotspot\share\interpreter\linkResolver.cpp, line 766]
Event: 13.400 Thread 0x0000016b5736fa00 Exception <a 'java/io/FileNotFoundException'{0x0000000708b9c538}> (0x0000000708b9c538) 
thrown [e:\jenkins\tmp\workspace\build\src\src\hotspot\share\prims\jni.cpp, line 516]
Event: 13.428 Thread 0x0000016b5736fa00 Exception <a 'sun/nio/fs/WindowsException'{0x00000007088f44d8}> (0x00000007088f44d8) 
thrown [e:\jenkins\tmp\workspace\build\src\src\hotspot\share\prims\jni.cpp, line 516]
Event: 13.513 Thread 0x0000016b5736fa00 Exception <a 'java/lang/NoSuchMethodError'{0x000000070d9089d8}: 'java.lang.Object java.lang.invoke.DirectMethodHandle$Holder.newInvokeSpecial(java.lang.Object, java.lang.Object, long, java.lang.Object)'> (0x000000070d9089d8) 
thrown [e:\jenkins\tmp\workspace\build\src\src\hotspot\share\interpreter\linkResolver.cpp, line 766]
Event: 13.513 Thread 0x0000016b5736fa00 Exception <a 'java/lang/NoSuchMethodError'{0x000000070d90dae0}: 'java.lang.Object java.lang.invoke.DirectMethodHandle$Holder.invokeSpecial(java.lang.Object, java.lang.Object, java.lang.Object, long, java.lang.Object)'> (0x000000070d90dae0) 
thrown [e:\jenkins\tmp\workspace\build\src\src\hotspot\share\interpreter\linkResolver.cpp, line 766]
Event: 13.513 Thread 0x0000016b5736fa00 Exception <a 'java/lang/NoSuchMethodError'{0x000000070d9126a0}: 'java.lang.Object java.lang.invoke.Invokers$Holder.linkToTargetMethod(java.lang.Object, long, java.lang.Object, java.lang.Object)'> (0x000000070d9126a0) 
thrown [e:\jenkins\tmp\workspace\build\src\src\hotspot\share\interpreter\linkResolver.cpp, line 766]
Event: 13.520 Thread 0x0000016b5736fa00 Exception <a 'java/lang/NoSuchMethodError'{0x000000070d9d0738}: 'java.lang.Object java.lang.invoke.DirectMethodHandle$Holder.newInvokeSpecial(java.lang.Object, java.lang.Object, java.lang.Object, java.lang.Object, java.lang.Object, int, java.lang.Object)'> (0x000000070d9d0738) 
thrown [e:\jenkins\tmp\workspace\build\src\src\hotspot\share\interpreter\linkResolver.cpp, line 766]
Event: 13.548 Thread 0x0000016b5736fa00 Exception <a 'java/lang/NoSuchMethodError'{0x000000070d5301f8}: 'java.lang.Object java.lang.invoke.Invokers$Holder.linkToTargetMethod(java.lang.Object, int, java.lang.Object, java.lang.Object, java.lang.Object, java.lang.Object)'> (0x000000070d5301f8) 
thrown [e:\jenkins\tmp\workspace\build\src\src\hotspot\share\interpreter\linkResolver.cpp, line 766]
Event: 13.548 Thread 0x0000016b5736fa00 Exception <a 'java/lang/NoSuchMethodError'{0x000000070d534fd8}: 'java.lang.Object java.lang.invoke.DirectMethodHandle$Holder.invokeStatic(java.lang.Object, java.lang.Object, java.lang.Object, int, java.lang.Object, java.lang.Object)'> (0x000000070d534fd8) 
thrown [e:\jenkins\tmp\workspace\build\src\src\hotspot\share\interpreter\linkResolver.cpp, line 766]
Event: 13.562 Thread 0x0000016b5736fa00 Exception <a 'java/lang/NoSuchMethodError'{0x000000070d5cb480}: 'java.lang.Object java.lang.invoke.DirectMethodHandle$Holder.newInvokeSpecial(java.lang.Object, java.lang.Object, java.lang.Object, java.lang.Object, int, java.lang.Object)'> (0x000000070d5cb480) 
thrown [e:\jenkins\tmp\workspace\build\src\src\hotspot\share\interpreter\linkResolver.cpp, line 766]
Event: 13.562 Thread 0x0000016b5736fa00 Exception <a 'java/lang/NoSuchMethodError'{0x000000070d5cf4b0}: 'java.lang.Object java.lang.invoke.DirectMethodHandle$Holder.invokeSpecial(java.lang.Object, java.lang.Object, java.lang.Object, java.lang.Object, java.lang.Object, int, java.lang.Object)'> (0x000000070d5cf4b0) 
thrown [e:\jenkins\tmp\workspace\build\src\src\hotspot\share\interpreter\linkResolver.cpp, line 766]
Event: 13.563 Thread 0x0000016b5736fa00 Exception <a 'java/lang/NoSuchMethodError'{0x000000070d5d2de0}: 'java.lang.Object java.lang.invoke.Invokers$Holder.linkToTargetMethod(java.lang.Object, java.lang.Object, java.lang.Object, int, java.lang.Object, java.lang.Object)'> (0x000000070d5d2de0) 
thrown [e:\jenkins\tmp\workspace\build\src\src\hotspot\share\interpreter\linkResolver.cpp, line 766]
Event: 245.533 Thread 0x0000016b5736fa00 Exception <a 'java/lang/NoSuchMethodError'{0x000000070c604608}: 'java.lang.Object java.lang.invoke.DirectMethodHandle$Holder.newInvokeSpecial(java.lang.Object, java.lang.Object, long)'> (0x000000070c604608) 
thrown [e:\jenkins\tmp\workspace\build\src\src\hotspot\share\interpreter\linkResolver.cpp, line 766]
Event: 246.351 Thread 0x0000016b5736fa00 Exception <a 'java/lang/NoSuchMethodError'{0x000000070c617840}: 'java.lang.Object java.lang.invoke.Invokers$Holder.invoke_MT(java.lang.Object, java.lang.Object, java.lang.Object, java.lang.Object, java.lang.Object)'> (0x000000070c617840) 
thrown [e:\jenkins\tmp\workspace\build\src\src\hotspot\share\interpreter\linkResolver.cpp, line 766]
Event: 246.352 Thread 0x0000016b5736fa00 Exception <a 'java/lang/NoSuchMethodError'{0x000000070c61b960}: 'void java.lang.invoke.Invokers$Holder.invokeExact_MT(java.lang.Object, java.lang.Object, java.lang.Object)'> (0x000000070c61b960) 
thrown [e:\jenkins\tmp\workspace\build\src\src\hotspot\share\interpreter\linkResolver.cpp, line 766]
Event: 685.246 Thread 0x0000016b5736fa00 Exception <a 'java/lang/NoClassDefFoundError'{0x0000000709814d40}: sun/reflect/Reflection> (0x0000000709814d40) 
thrown [e:\jenkins\tmp\workspace\build\src\src\hotspot\share\classfile\systemDictionary.cpp, line 245]
Event: 685.263 Thread 0x0000016b5736fa00 Exception <a 'java/lang/NoSuchMethodError'{0x00000007099cfdb0}: 'void java.lang.invoke.DirectMethodHandle$Holder.invokeSpecialIFC(java.lang.Object, java.lang.Object, java.lang.Object, java.lang.Object)'> (0x00000007099cfdb0) 
thrown [e:\jenkins\tmp\workspace\build\src\src\hotspot\share\interpreter\linkResolver.cpp, line 766]

VM Operations (20 events):
Event: 718.221 Executing VM operation: ChangeBreakpoints
Event: 718.222 Executing VM operation: ChangeBreakpoints done
Event: 725.290 Executing VM operation: Cleanup
Event: 725.290 Executing VM operation: Cleanup done
Event: 752.447 Executing VM operation: ChangeBreakpoints
Event: 752.448 Executing VM operation: ChangeBreakpoints done
Event: 784.732 Executing VM operation: Cleanup
Event: 784.732 Executing VM operation: Cleanup done
Event: 807.908 Executing VM operation: RedefineClasses
Event: 807.926 Executing VM operation: RedefineClasses done
Event: 807.935 Executing VM operation: ChangeBreakpoints
Event: 807.936 Executing VM operation: ChangeBreakpoints done
Event: 807.946 Executing VM operation: ChangeBreakpoints
Event: 807.947 Executing VM operation: ChangeBreakpoints done
Event: 807.947 Executing VM operation: ChangeBreakpoints
Event: 807.949 Executing VM operation: ChangeBreakpoints done
Event: 807.959 Executing VM operation: ChangeBreakpoints
Event: 807.960 Executing VM operation: ChangeBreakpoints done
Event: 815.026 Executing VM operation: Cleanup
Event: 815.026 Executing VM operation: Cleanup done

Events (20 events):
Event: 685.225 loading class javax/crypto/Mac
Event: 685.226 loading class javax/crypto/Mac done
Event: 685.226 loading class com/sun/crypto/provider/HmacCore$HmacSHA512
Event: 685.226 loading class com/sun/crypto/provider/HmacCore
Event: 685.226 loading class javax/crypto/MacSpi
Event: 685.226 loading class javax/crypto/MacSpi done
Event: 685.226 loading class com/sun/crypto/provider/HmacCore done
Event: 685.226 loading class com/sun/crypto/provider/HmacCore$HmacSHA512 done
Event: 685.227 loading class sun/security/provider/SHA5$SHA512
Event: 685.227 loading class sun/security/provider/SHA5
Event: 685.227 loading class sun/security/provider/SHA5 done
Event: 685.227 loading class sun/security/provider/SHA5$SHA512 done
Event: 685.246 loading class sun/reflect/Reflection
Event: 685.246 loading class sun/reflect/Reflection done
Event: 685.260 loading class java/util/stream/LongStream
Event: 685.261 loading class java/util/stream/LongStream done
Event: 685.261 loading class java/util/stream/DoubleStream
Event: 685.261 loading class java/util/stream/DoubleStream done
Event: 694.501 Thread 0x0000016b53c12ca0 Thread added: 0x0000016b53c12ca0
Event: 699.514 Thread 0x0000016b53c12ca0 Thread exited: 0x0000016b53c12ca0


Dynamic libraries:
0x00007ff7d2170000 - 0x00007ff7d217e000 	C:\Users\91911\Navneet\SpringBootProject\sts-4.14.0.RELEASE\plugins\org.eclipse.justj.openjdk.hotspot.jre.full.win32.x86_64_17.0.2.v20220201-1208\jre\bin\javaw.exe
0x00007fff19cc0000 - 0x00007fff19ec9000 	C:\WINDOWS\SYSTEM32\ntdll.dll
0x00007fff18380000 - 0x00007fff1843d000 	C:\WINDOWS\System32\KERNEL32.DLL
0x00007fff17480000 - 0x00007fff177f9000 	C:\WINDOWS\System32\KERNELBASE.dll
0x00007fff17920000 - 0x00007fff17a31000 	C:\WINDOWS\System32\ucrtbase.dll
0x00007fff0d4b0000 - 0x00007fff0d4c8000 	C:\Users\91911\Navneet\SpringBootProject\sts-4.14.0.RELEASE\plugins\org.eclipse.justj.openjdk.hotspot.jre.full.win32.x86_64_17.0.2.v20220201-1208\jre\bin\jli.dll
0x00007fff0d490000 - 0x00007fff0d4a9000 	C:\Users\91911\Navneet\SpringBootProject\sts-4.14.0.RELEASE\plugins\org.eclipse.justj.openjdk.hotspot.jre.full.win32.x86_64_17.0.2.v20220201-1208\jre\bin\VCRUNTIME140.dll
0x00007fff19280000 - 0x00007fff1942c000 	C:\WINDOWS\System32\USER32.dll
0x00007fff17450000 - 0x00007fff17476000 	C:\WINDOWS\System32\win32u.dll
0x00007fff18000000 - 0x00007fff18029000 	C:\WINDOWS\System32\GDI32.dll
0x00007fff17a40000 - 0x00007fff17b52000 	C:\WINDOWS\System32\gdi32full.dll
0x00007ffefd260000 - 0x00007ffefd505000 	C:\WINDOWS\WinSxS\amd64_microsoft.windows.common-controls_6595b64144ccf1df_6.0.22000.120_none_9d947278b86cc467\COMCTL32.dll
0x00007fff17800000 - 0x00007fff1789d000 	C:\WINDOWS\System32\msvcp_win.dll
0x00007fff182d0000 - 0x00007fff18373000 	C:\WINDOWS\System32\msvcrt.dll
0x00007fff18bd0000 - 0x00007fff18c01000 	C:\WINDOWS\System32\IMM32.DLL
0x00007fff0f6a0000 - 0x00007fff0f6ac000 	C:\Users\91911\Navneet\SpringBootProject\sts-4.14.0.RELEASE\plugins\org.eclipse.justj.openjdk.hotspot.jre.full.win32.x86_64_17.0.2.v20220201-1208\jre\bin\vcruntime140_1.dll
0x00007fff0a7f0000 - 0x00007fff0a881000 	C:\Users\91911\Navneet\SpringBootProject\sts-4.14.0.RELEASE\plugins\org.eclipse.justj.openjdk.hotspot.jre.full.win32.x86_64_17.0.2.v20220201-1208\jre\bin\msvcp140.dll
0x00007ffea8920000 - 0x00007ffea9567000 	C:\Users\91911\Navneet\SpringBootProject\sts-4.14.0.RELEASE\plugins\org.eclipse.justj.openjdk.hotspot.jre.full.win32.x86_64_17.0.2.v20220201-1208\jre\bin\server\jvm.dll
0x00007fff18200000 - 0x00007fff182ae000 	C:\WINDOWS\System32\ADVAPI32.dll
0x00007fff19430000 - 0x00007fff194ce000 	C:\WINDOWS\System32\sechost.dll
0x00007fff18d20000 - 0x00007fff18e40000 	C:\WINDOWS\System32\RPCRT4.dll
0x00007fff18bb0000 - 0x00007fff18bb8000 	C:\WINDOWS\System32\PSAPI.DLL
0x00007fff0dc50000 - 0x00007fff0dc5a000 	C:\WINDOWS\SYSTEM32\VERSION.dll
0x00007fff0dd40000 - 0x00007fff0dd49000 	C:\WINDOWS\SYSTEM32\WSOCK32.dll
0x00007fff10d10000 - 0x00007fff10d43000 	C:\WINDOWS\SYSTEM32\WINMM.dll
0x00007fff18440000 - 0x00007fff184af000 	C:\WINDOWS\System32\WS2_32.dll
0x00007fff163a0000 - 0x00007fff163b8000 	C:\WINDOWS\SYSTEM32\kernel.appcore.dll
0x00007fff0d650000 - 0x00007fff0d65a000 	C:\Users\91911\Navneet\SpringBootProject\sts-4.14.0.RELEASE\plugins\org.eclipse.justj.openjdk.hotspot.jre.full.win32.x86_64_17.0.2.v20220201-1208\jre\bin\jimage.dll
0x00007fff14d60000 - 0x00007fff14f81000 	C:\WINDOWS\SYSTEM32\DBGHELP.DLL
0x00007fff10830000 - 0x00007fff10861000 	C:\WINDOWS\SYSTEM32\dbgcore.DLL
0x00007fff178a0000 - 0x00007fff1791f000 	C:\WINDOWS\System32\bcryptPrimitives.dll
0x00007fff09500000 - 0x00007fff0953b000 	C:\Users\91911\Navneet\SpringBootProject\sts-4.14.0.RELEASE\plugins\org.eclipse.justj.openjdk.hotspot.jre.full.win32.x86_64_17.0.2.v20220201-1208\jre\bin\jdwp.dll
0x00007fff0bfd0000 - 0x00007fff0bfde000 	C:\Users\91911\Navneet\SpringBootProject\sts-4.14.0.RELEASE\plugins\org.eclipse.justj.openjdk.hotspot.jre.full.win32.x86_64_17.0.2.v20220201-1208\jre\bin\instrument.dll
0x00007fff0cde0000 - 0x00007fff0ce05000 	C:\Users\91911\Navneet\SpringBootProject\sts-4.14.0.RELEASE\plugins\org.eclipse.justj.openjdk.hotspot.jre.full.win32.x86_64_17.0.2.v20220201-1208\jre\bin\java.dll
0x00007fff0d460000 - 0x00007fff0d478000 	C:\Users\91911\Navneet\SpringBootProject\sts-4.14.0.RELEASE\plugins\org.eclipse.justj.openjdk.hotspot.jre.full.win32.x86_64_17.0.2.v20220201-1208\jre\bin\zip.dll
0x00007fff194d0000 - 0x00007fff19c7f000 	C:\WINDOWS\System32\SHELL32.dll
0x00007fff152f0000 - 0x00007fff15b58000 	C:\WINDOWS\SYSTEM32\windows.storage.dll
0x00007fff18560000 - 0x00007fff188d8000 	C:\WINDOWS\System32\combase.dll
0x00007fff15180000 - 0x00007fff152e6000 	C:\WINDOWS\SYSTEM32\wintypes.dll
0x00007fff18110000 - 0x00007fff181fa000 	C:\WINDOWS\System32\SHCORE.dll
0x00007fff18b50000 - 0x00007fff18bad000 	C:\WINDOWS\System32\shlwapi.dll
0x00007fff170e0000 - 0x00007fff17101000 	C:\WINDOWS\SYSTEM32\profapi.dll
0x00007fff0a720000 - 0x00007fff0a72c000 	C:\Users\91911\Navneet\SpringBootProject\sts-4.14.0.RELEASE\plugins\org.eclipse.justj.openjdk.hotspot.jre.full.win32.x86_64_17.0.2.v20220201-1208\jre\bin\dt_socket.dll
0x00007fff15ed0000 - 0x00007fff15efd000 	C:\WINDOWS\SYSTEM32\IPHLPAPI.DLL
0x00007fff167d0000 - 0x00007fff16837000 	C:\WINDOWS\system32\mswsock.dll
0x00007fff15f50000 - 0x00007fff16038000 	C:\WINDOWS\SYSTEM32\DNSAPI.dll
0x00007fff18bc0000 - 0x00007fff18bc9000 	C:\WINDOWS\System32\NSI.dll
0x00007fff0d870000 - 0x00007fff0d87a000 	C:\Windows\System32\rasadhlp.dll
0x00007fff0d5b0000 - 0x00007fff0d631000 	C:\WINDOWS\System32\fwpuclnt.dll
0x00007fff0bea0000 - 0x00007fff0beb9000 	C:\Users\91911\Navneet\SpringBootProject\sts-4.14.0.RELEASE\plugins\org.eclipse.justj.openjdk.hotspot.jre.full.win32.x86_64_17.0.2.v20220201-1208\jre\bin\net.dll
0x00007fff0f800000 - 0x00007fff0f90c000 	C:\WINDOWS\SYSTEM32\WINHTTP.dll
0x00007fff09b80000 - 0x00007fff09b95000 	C:\Users\91911\Navneet\SpringBootProject\sts-4.14.0.RELEASE\plugins\org.eclipse.justj.openjdk.hotspot.jre.full.win32.x86_64_17.0.2.v20220201-1208\jre\bin\nio.dll
0x00007fff0bfb0000 - 0x00007fff0bfb9000 	C:\Users\91911\Navneet\SpringBootProject\sts-4.14.0.RELEASE\plugins\org.eclipse.justj.openjdk.hotspot.jre.full.win32.x86_64_17.0.2.v20220201-1208\jre\bin\management.dll
0x00007fff0be90000 - 0x00007fff0be9b000 	C:\Users\91911\Navneet\SpringBootProject\sts-4.14.0.RELEASE\plugins\org.eclipse.justj.openjdk.hotspot.jre.full.win32.x86_64_17.0.2.v20220201-1208\jre\bin\management_ext.dll
0x00007ffef6000000 - 0x00007ffef6017000 	C:\WINDOWS\system32\napinsp.dll
0x00007ffef5fe0000 - 0x00007ffef5ffb000 	C:\WINDOWS\system32\pnrpnsp.dll
0x00007ffef5fc0000 - 0x00007ffef5fd2000 	C:\WINDOWS\System32\winrnr.dll
0x00007fff0d700000 - 0x00007fff0d715000 	C:\WINDOWS\system32\wshbth.dll
0x00007ffef5ed0000 - 0x00007ffef5eef000 	C:\WINDOWS\system32\nlansp_c.dll
0x00007fff16a10000 - 0x00007fff16a28000 	C:\WINDOWS\SYSTEM32\CRYPTSP.dll
0x00007fff16300000 - 0x00007fff16335000 	C:\WINDOWS\system32\rsaenh.dll
0x00007fff168c0000 - 0x00007fff168e9000 	C:\WINDOWS\SYSTEM32\USERENV.dll
0x00007fff16b90000 - 0x00007fff16bb7000 	C:\WINDOWS\SYSTEM32\bcrypt.dll
0x00007fff16a30000 - 0x00007fff16a3c000 	C:\WINDOWS\SYSTEM32\CRYPTBASE.dll
0x00007fff0ee40000 - 0x00007fff0ee59000 	C:\WINDOWS\SYSTEM32\dhcpcsvc6.DLL
0x00007fff0f2d0000 - 0x00007fff0f2ee000 	C:\WINDOWS\SYSTEM32\dhcpcsvc.DLL
0x00007fff0d640000 - 0x00007fff0d650000 	C:\Users\91911\Navneet\SpringBootProject\sts-4.14.0.RELEASE\plugins\org.eclipse.justj.openjdk.hotspot.jre.full.win32.x86_64_17.0.2.v20220201-1208\jre\bin\verify.dll
0x00007fff0d520000 - 0x00007fff0d52e000 	C:\Users\91911\Navneet\SpringBootProject\sts-4.14.0.RELEASE\plugins\org.eclipse.justj.openjdk.hotspot.jre.full.win32.x86_64_17.0.2.v20220201-1208\jre\bin\sunmscapi.dll
0x00007fff172e0000 - 0x00007fff17442000 	C:\WINDOWS\System32\CRYPT32.dll
0x00007fff16b60000 - 0x00007fff16b88000 	C:\WINDOWS\SYSTEM32\ncrypt.dll
0x00007fff16b20000 - 0x00007fff16b57000 	C:\WINDOWS\SYSTEM32\NTASN1.dll
0x00007fff0d480000 - 0x00007fff0d488000 	C:\WINDOWS\system32\wshunix.dll

dbghelp: loaded successfully - version: 4.0.5 - missing functions: none
symbol engine: initialized successfully - sym options: 0x614 - pdb path: .;C:\Users\91911\Navneet\SpringBootProject\sts-4.14.0.RELEASE\plugins\org.eclipse.justj.openjdk.hotspot.jre.full.win32.x86_64_17.0.2.v20220201-1208\jre\bin;C:\WINDOWS\SYSTEM32;C:\WINDOWS\WinSxS\amd64_microsoft.windows.common-controls_6595b64144ccf1df_6.0.22000.120_none_9d947278b86cc467;C:\Users\91911\Navneet\SpringBootProject\sts-4.14.0.RELEASE\plugins\org.eclipse.justj.openjdk.hotspot.jre.full.win32.x86_64_17.0.2.v20220201-1208\jre\bin\server

VM Arguments:
jvm_args: -XX:+ShowCodeDetailsInExceptionMessages -agentlib:jdwp=transport=dt_socket,suspend=y,address=localhost:58805 -Dcom.sun.management.jmxremote -Dcom.sun.management.jmxremote.port=58804 -Dcom.sun.management.jmxremote.authenticate=false -Dcom.sun.management.jmxremote.ssl=false -Djava.rmi.server.hostname=localhost -Dspring.jmx.enabled=true -Dspring.application.admin.enabled=true -XX:TieredStopAtLevel=1 -Dspring.boot.project.name=5_ApiGateway -javaagent:C:\Users\91911\Navneet\SpringBootProject\sts-4.14.0.RELEASE\configuration\org.eclipse.osgi\265\0\.cp\lib\javaagent-shaded.jar -Dfile.encoding=UTF-8 
java_command: nav.photoapp.api.gateway.Application --spring.output.ansi.enabled=always
java_class_path (initial): C:\Users\91911\Navneet\SpringBootProject\ws-microsevices\5_ApiGateway\target\classes;C:\Users\91911\.m2\repository\org\springframework\boot\spring-boot-starter-webflux\2.6.7\spring-boot-starter-webflux-2.6.7.jar;C:\Users\91911\.m2\repository\org\springframework\boot\spring-boot-starter\2.6.7\spring-boot-starter-2.6.7.jar;C:\Users\91911\.m2\repository\org\springframework\boot\spring-boot\2.6.7\spring-boot-2.6.7.jar;C:\Users\91911\.m2\repository\org\springframework\spring-context\5.3.19\spring-context-5.3.19.jar;C:\Users\91911\.m2\repository\org\springframework\spring-aop\5.3.19\spring-aop-5.3.19.jar;C:\Users\91911\.m2\repository\org\springframework\spring-expression\5.3.19\spring-expression-5.3.19.jar;C:\Users\91911\.m2\repository\org\springframework\boot\spring-boot-autoconfigure\2.6.7\spring-boot-autoconfigure-2.6.7.jar;C:\Users\91911\.m2\repository\org\springframework\boot\spring-boot-starter-logging\2.6.7\spring-boot-starter-logging-2.6.7.jar;C:\Users\91911\.m2\repository\ch\qos\logback\logback-classic\1.2.11\logback-classic-1.2.11.jar;C:\Users\91911\.m2\repository\ch\qos\logback\logback-core\1.2.11\logback-core-1.2.11.jar;C:\Users\91911\.m2\repository\org\apache\logging\log4j\log4j-to-slf4j\2.17.2\log4j-to-slf4j-2.17.2.jar;C:\Users\91911\.m2\repository\org\apache\logging\log4j\log4j-api\2.17.2\log4j-api-2.17.2.jar;C:\Users\91911\.m2\repository\org\slf4j\jul-to-slf4j\1.7.36\jul-to-slf4j-1.7.36.jar;C:\Users\91911\.m2\repository\jakarta\annotation\jakarta.annotation-api\1.3.5\jakarta.annotation-api-1.3.5.jar;C:\Users\91911\.m2\repository\org\yaml\snakeyaml\1.29\snakeyaml-1.29.jar;C:\Users\91911\.m2\repository\org\springframework\boot\spring-boot-starter-json\2.6.7\spring-boot-starter-json-2.6.7.jar;C:\Users\91911\.m2\repository\com\fasterxml\jackson\datatype\jackson-datatype-jdk8\2.13.2\jackson-datatype-jdk8-2.13.2.jar;C:\Users\91911\.m2\repository\com\fasterxml\jackson\datatype\jackson-datatype-jsr310\2.13.2\jackson-datatype-jsr310-2.1
Launcher Type: SUN_STANDARD

[Global flags]
     intx CICompilerCount                          = 4                                         {product} {ergonomic}
     uint ConcGCThreads                            = 2                                         {product} {ergonomic}
     uint G1ConcRefinementThreads                  = 8                                         {product} {ergonomic}
   size_t G1HeapRegionSize                         = 2097152                                   {product} {ergonomic}
    uintx GCDrainStackTargetSize                   = 64                                        {product} {ergonomic}
   size_t InitialHeapSize                          = 264241152                                 {product} {ergonomic}
     bool ManagementServer                         = true                                      {product} {command line}
   size_t MarkStackSize                            = 4194304                                   {product} {ergonomic}
   size_t MaxHeapSize                              = 4227858432                                {product} {ergonomic}
   size_t MaxNewSize                               = 2535456768                                {product} {ergonomic}
   size_t MinHeapDeltaBytes                        = 2097152                                   {product} {ergonomic}
   size_t MinHeapSize                              = 8388608                                   {product} {ergonomic}
    uintx NonProfiledCodeHeapSize                  = 0                                      {pd product} {ergonomic}
     bool ProfileInterpreter                       = false                                  {pd product} {command line}
    uintx ProfiledCodeHeapSize                     = 0                                      {pd product} {ergonomic}
     bool ShowCodeDetailsInExceptionMessages       = true                                   {manageable} {command line}
   size_t SoftMaxHeapSize                          = 4227858432                             {manageable} {ergonomic}
     intx TieredStopAtLevel                        = 1                                         {product} {command line}
     bool UseCompressedClassPointers               = true                           {product lp64_product} {ergonomic}
     bool UseCompressedOops                        = true                           {product lp64_product} {ergonomic}
     bool UseG1GC                                  = true                                      {product} {ergonomic}
     bool UseLargePagesIndividualAllocation        = false                                  {pd product} {ergonomic}

Logging:
Log output configuration:
 #0: stdout all=warning uptime,level,tags
 #1: stderr all=off uptime,level,tags

Environment Variables:
PATH=C:\Users\91911\Navneet\SpringBootProject\sts-4.14.0.RELEASE\plugins\org.eclipse.justj.openjdk.hotspot.jre.full.win32.x86_64_17.0.2.v20220201-1208\jre\bin;C:/Users/91911/Navneet/SpringBootProject/sts-4.14.0.RELEASE//plugins/org.eclipse.justj.openjdk.hotspot.jre.full.win32.x86_64_17.0.2.v20220201-1208/jre/bin/server;C:/Users/91911/Navneet/SpringBootProject/sts-4.14.0.RELEASE//plugins/org.eclipse.justj.openjdk.hotspot.jre.full.win32.x86_64_17.0.2.v20220201-1208/jre/bin;C:\Program Files\Common Files\Oracle\Java\javapath;C:\WINDOWS\system32;C:\WINDOWS;C:\WINDOWS\System32\Wbem;C:\WINDOWS\System32\WindowsPowerShell\v1.0\;C:\WINDOWS\System32\OpenSSH\;C:\Program Files\Git\cmd;C:\Program Files\nodejs\;C:\Program Files\dotnet\;%MAVEN_HOME%\bin\;C:\Program Files\MySQL\MySQL Shell 8.0\bin\;C:\Users\91911\AppData\Local\Microsoft\WindowsApps;C:\Users\91911\AppData\Local\Programs\Microsoft VS Code\bin;C:\Users\91911\AppData\Roaming\npm;C:\apache-maven-3.8.5\bin\;;C:\Users\91911\Navneet\SpringBootProject\sts-4.14.0.RELEASE;
USERNAME=91911
OS=Windows_NT
PROCESSOR_IDENTIFIER=Intel64 Family 6 Model 140 Stepping 1, GenuineIntel



---------------  S Y S T E M  ---------------

OS:
 Windows 11 , 64 bit Build 22000 (10.0.22000.675)
OS uptime: 5 days 1:38 hours

CPU: total 8 (initial active 8) (4 cores per cpu, 2 threads per core) family 6 model 140 stepping 1 microcode 0xa4, cx8, cmov, fxsr, ht, mmx, 3dnowpref, sse, sse2, sse3, ssse3, sse4.1, sse4.2, popcnt, lzcnt, tsc, tscinvbit, avx, avx2, aes, erms, clmul, bmi1, bmi2, adx, avx512f, avx512dq, avx512cd, avx512bw, avx512vl, sha, fma, vzeroupper, avx512_vpopcntdq, avx512_vpclmulqdq, avx512_vaes, avx512_vnni, clflush, clflushopt, clwb, avx512_vbmi2, avx512_vbmi

Memory: 4k page, system-wide physical 16122M (3151M free)
TotalPageFile size 22010M (AvailPageFile size 3673M)
current process WorkingSet (physical memory assigned to process): 293M, peak: 293M
current process commit charge ("private bytes"): 336M, peak: 364M

vm_info: OpenJDK 64-Bit Server VM (17.0.2+8) for windows-amd64 JRE (17.0.2+8), built on Jan 20 2022 04:52:34 by "" with MS VC++ 16.7 (VS2019)

END.
