#
# A fatal error has been detected by the Java Runtime Environment:
#
#  EXCEPTION_ACCESS_VIOLATION (0xc0000005) at pc=0x00007ffea90bd69a, pid=27172, tid=18392
#
# JRE version: OpenJDK Runtime Environment Temurin-17.0.2+8 (17.0.2+8) (build 17.0.2+8)
# Java VM: OpenJDK 64-Bit Server VM Temurin-17.0.2+8 (17.0.2+8, mixed mode, emulated-client, tiered, compressed oops, compressed class ptrs, g1 gc, windows-amd64)
# Problematic frame:
# V  [jvm.dll+0x79d69a]
#
# No core dump will be written. Minidumps are not enabled by default on client versions of Windows
#
# If you would like to submit a bug report, please visit:
#   https://github.com/adoptium/adoptium-support/issues
#

---------------  S U M M A R Y ------------

Command Line: -XX:+ShowCodeDetailsInExceptionMessages -agentlib:jdwp=transport=dt_socket,suspend=y,address=localhost:49161 -Dcom.sun.management.jmxremote -Dcom.sun.management.jmxremote.port=49159 -Dcom.sun.management.jmxremote.authenticate=false -Dcom.sun.management.jmxremote.ssl=false -Djava.rmi.server.hostname=localhost -Dspring.jmx.enabled=true -Dspring.application.admin.enabled=true -XX:TieredStopAtLevel=1 -Dspring.boot.project.name=5_ApiGateway -javaagent:C:\Users\91911\Navneet\SpringBootProject\sts-4.14.0.RELEASE\configuration\org.eclipse.osgi\265\0\.cp\lib\javaagent-shaded.jar -Dfile.encoding=UTF-8 nav.photoapp.api.gateway.Application --spring.output.ansi.enabled=always

Host: 11th Gen Intel(R) Core(TM) i5-11300H @ 3.10GHz, 8 cores, 15G,  Windows 11 , 64 bit Build 22000 (10.0.22000.675)
Time: Mon May 16 08:54:15 2022 India Standard Time elapsed time: 475.224582 seconds (0d 0h 7m 55s)

---------------  T H R E A D  ---------------

Current thread (0x000002b668a5d550):  JavaThread "JDWP Transport Listener: dt_socket" daemon [_thread_in_vm, id=18392, stack(0x000000f1f6d00000,0x000000f1f6e00000)]

Stack: [0x000000f1f6d00000,0x000000f1f6e00000],  sp=0x000000f1f6dff3e0,  free space=1020k
Native frames: (J=compiled Java code, j=interpreted, Vv=VM code, C=native code)
V  [jvm.dll+0x79d69a]
V  [jvm.dll+0x50842c]
V  [jvm.dll+0x4cfa94]
C  [jdwp.dll+0x22dff]


siginfo: EXCEPTION_ACCESS_VIOLATION (0xc0000005), reading address 0x0000000000b60014


Register to memory mapping:

RIP=0x00007ffea90bd69a jvm.dll
RAX=0x00000000000000b5 is an unknown value
RBX=0x000002b6688a26f5 points into unknown readable memory: 69 6c 74
RCX=0x0000000000b60010 is an unknown value
RDX=0x000002b6697aa800 points into unknown readable memory: 0x6f68702f76616e4c | 4c 6e 61 76 2f 70 68 6f
RSP=0x000000f1f6dff3e0 is pointing into the stack for thread: 0x000002b668a5d550
RBP=0x000002b668a617a0 points into unknown readable memory: 0x0074006600000002 | 02 00 00 00 66 00 74 00
RSI=0x0 is NULL
RDI=0xffffffffffffffff is an unknown value
R8 =0x000000000000005e is an unknown value
R9 =0x0000000000000040 is an unknown value
R10=0x0000000000000040 is an unknown value
R11=0x000000f1f6dff400 is pointing into the stack for thread: 0x000002b668a5d550
R12=0x000000f1f6dff538 is pointing into the stack for thread: 0x000002b668a5d550
R13=0x0 is NULL
R14=0x00000008003e68d0 is a pointer to class: 
nav.photoapp.api.gateway.AuthorizationHeaderFilter {0x00000008003e68d8}
 - instance size:     3
 - klass size:        99
 - access:            public synchronized 
 - state:             fully_initialized
 - name:              'nav/photoapp/api/gateway/AuthorizationHeaderFilter'
 - super:             'org/springframework/cloud/gateway/filter/factory/AbstractGatewayFilterFactory'
 - sub:               
 - arrays:            NULL
 - methods:           Array<T>(0x000002b66d4f99c0)
 - method ordering:   Array<T>(0x000002b66f2adfd0)
 - default_methods:   Array<T>(0x000002b66c06d2f0)
 - default vtable indices:   Array<T>(0x000002b66c06d330)
 - local interfaces:  Array<T>(0x000002b668000058)
 - trans. interfaces: Array<T>(0x000002b66c06cee8)
 - constants:         constant pool [205]/operands[7] {0x000002b66e288420} for 'nav/photoapp/api/gateway/AuthorizationHeaderFilter' cache=0x000002b66f2adc50
 - class loader data:  loader data: 0x000002b6688ec540 for instance a 'jdk/internal/loader/ClassLoaders$AppClassLoader'{0x000000070426db20}
 - source file:       'AuthorizationHeaderFilter.java'
 - source debug extension:       SMAP
AuthorizationHeaderFilter.java
Java
*S jdt
*F
1 AuthorizationHeaderFilter.java
2 file:/C:/Users/91911/Navneet/SpringBootProject/ws-microsevices/5_ApiGateway/target/classes/
*L
*E

 - class annotations:       Array<T>(0x000002b66f2b9128)
 - class type annotations:  Array<T>(0x0000000000000000)
 - field annotations:       Array<T>(0x000002b66d85e9b8)
 - field type annotations:  Array<T>(0x0000000000000000)
 - generic signature: '
[error occurred during error reporting (printing register info), id 0xc0000005, EXCEPTION_ACCESS_VIOLATION (0xc0000005) at pc=0x00007ffea90be2a6]

Registers:
RAX=0x00000000000000b5, RBX=0x000002b6688a26f5, RCX=0x0000000000b60010, RDX=0x000002b6697aa800
RSP=0x000000f1f6dff3e0, RBP=0x000002b668a617a0, RSI=0x0000000000000000, RDI=0xffffffffffffffff
R8 =0x000000000000005e, R9 =0x0000000000000040, R10=0x0000000000000040, R11=0x000000f1f6dff400
R12=0x000000f1f6dff538, R13=0x0000000000000000, R14=0x00000008003e68d0, R15=0x000000f1f6dff588
RIP=0x00007ffea90bd69a, EFLAGS=0x0000000000010202

Top of Stack: (sp=0x000000f1f6dff3e0)
0x000000f1f6dff3e0:   0000000000000032 00000008003e68d0
0x000000f1f6dff3f0:   000002b668a5d550 0000000000000000
0x000000f1f6dff400:   ffffffffffffffff 00007ffea8e2842c
0x000000f1f6dff410:   000002b6688a26f5 000002b6688a26c0
0x000000f1f6dff420:   000002b668a617a0 000002b66c5ae230
0x000000f1f6dff430:   000002b6688a2670 00000000000003d8
0x000000f1f6dff440:   000002b6688a2680 000002b6688a2a58
0x000000f1f6dff450:   0000000000000002 000000f1f6dff538
0x000000f1f6dff460:   0000000000000000 0000000000000000
0x000000f1f6dff470:   00000007046514b8 00007ffea8defa94
0x000000f1f6dff480:   000002b668a5d550 000000f1f6dff588
0x000000f1f6dff490:   000002b655714c00 000000f1f6dff588
0x000000f1f6dff4a0:   000002b668a5d550 0000000000000000
0x000000f1f6dff4b0:   000002b600000000 0000000000000000
0x000000f1f6dff4c0:   000000000000000d 00007ffef1d62dff
0x000000f1f6dff4d0:   000000f1f6dff580 00007ffef1d71aa0 

Instructions: (pc=0x00007ffea90bd69a)
0x00007ffea90bd59a:   48 83 c4 20 5f e9 4c 8d 90 ff cc cc cc cc cc cc
0x00007ffea90bd5aa:   cc cc cc cc cc cc 48 89 5c 24 08 57 48 83 ec 20
0x00007ffea90bd5ba:   83 fa 02 8d 42 06 b9 08 00 00 00 49 8b d8 0f 4e
0x00007ffea90bd5ca:   c1 48 63 c8 48 83 c1 07 83 e1 f8 48 63 f9 49 8b
0x00007ffea90bd5da:   48 18 48 8b c7 48 f7 d0 48 3b c1 73 16 4c 8d 05
0x00007ffea90bd5ea:   da 4c 17 00 48 8b d7 48 8b cb e8 57 f0 90 ff 48
0x00007ffea90bd5fa:   8b 4b 18 48 8d 04 39 48 3b 43 20 76 18 45 33 c0
0x00007ffea90bd60a:   48 8b d7 48 8b cb 48 8b 5c 24 30 48 83 c4 20 5f
0x00007ffea90bd61a:   e9 b1 ec 90 ff 48 89 43 18 48 8b c1 48 8b 5c 24
0x00007ffea90bd62a:   30 48 83 c4 20 5f c3 cc cc cc cc cc cc cc cc cc
0x00007ffea90bd63a:   cc cc cc cc cc cc 4c 8b d2 4c 8b d9 45 85 c0 7e
0x00007ffea90bd64a:   3c 44 0f b7 49 04 41 8d 40 ff 41 3b c1 44 0f 4c
0x00007ffea90bd65a:   c8 4d 63 c1 45 85 c9 7e 1f 48 8b c2 4c 2b da 49
0x00007ffea90bd66a:   8b d0 0f 1f 40 00 41 0f b6 4c 03 06 88 08 48 8d
0x00007ffea90bd67a:   40 01 48 83 ea 01 75 ee 43 c6 04 10 00 49 8b c2
0x00007ffea90bd68a:   c3 cc cc cc cc cc 48 89 5c 24 08 57 48 83 ec 20
0x00007ffea90bd69a:   0f b7 59 04 48 8b f9 33 d2 48 8d 4b 01 e8 84 df
0x00007ffea90bd6aa:   f2 ff 0f b7 57 04 4c 8b c0 3b da 0f 42 d3 44 8b
0x00007ffea90bd6ba:   ca 85 d2 74 39 48 2b f8 0f 1f 40 00 66 66 0f 1f
0x00007ffea90bd6ca:   84 00 00 00 00 00 0f b6 4c 07 06 88 08 48 ff c0
0x00007ffea90bd6da:   48 8b c8 49 2b c8 49 3b c9 7c eb 42 c6 04 02 00
0x00007ffea90bd6ea:   49 8b c0 48 8b 5c 24 30 48 83 c4 20 5f c3 48 8b
0x00007ffea90bd6fa:   5c 24 30 c6 04 02 00 48 83 c4 20 5f c3 cc cc cc
0x00007ffea90bd70a:   cc cc cc cc cc cc 4c 8b d1 45 85 c0 7e 6c 44 0f
0x00007ffea90bd71a:   b7 49 04 41 8d 40 ff 41 3b c1 44 0f 4c c8 4d 63
0x00007ffea90bd72a:   d9 45 85 c9 7e 22 48 8b ca 4c 2b d2 4d 8b c3 0f
0x00007ffea90bd73a:   1f 80 00 00 00 00 41 0f b6 44 0a 06 88 01 48 8d
0x00007ffea90bd74a:   49 01 49 83 e8 01 75 ee 41 c6 04 13 00 48 c7 c0
0x00007ffea90bd75a:   ff ff ff ff 66 90 48 ff c0 80 3c 02 00 75 f7 48
0x00007ffea90bd76a:   63 c8 85 c0 48 8b c2 7e 14 80 38 2f 75 03 c6 00
0x00007ffea90bd77a:   2e 48 ff c0 48 83 e9 01 75 ef 48 8b c2 c3 cc cc
0x00007ffea90bd78a:   cc cc cc cc cc cc 48 83 ec 28 e8 f7 fe ff ff 4c 


Stack slot to memory mapping:
stack at sp + 0 slots: 0x0000000000000032 is an unknown value
stack at sp + 1 slots: 0x00000008003e68d0 is a pointer to class: 
nav.photoapp.api.gateway.AuthorizationHeaderFilter {0x00000008003e68d8}
 - instance size:     3
 - klass size:        99
 - access:            public synchronized 
 - state:             fully_initialized
 - name:              'nav/photoapp/api/gateway/AuthorizationHeaderFilter'
 - super:             'org/springframework/cloud/gateway/filter/factory/AbstractGatewayFilterFactory'
 - sub:               
 - arrays:            NULL
 - methods:           Array<T>(0x000002b66d4f99c0)
 - method ordering:   Array<T>(0x000002b66f2adfd0)
 - default_methods:   Array<T>(0x000002b66c06d2f0)
 - default vtable indices:   Array<T>(0x000002b66c06d330)
 - local interfaces:  Array<T>(0x000002b668000058)
 - trans. interfaces: Array<T>(0x000002b66c06cee8)
 - constants:         constant pool [205]/operands[7] {0x000002b66e288420} for 'nav/photoapp/api/gateway/AuthorizationHeaderFilter' cache=0x000002b66f2adc50
 - class loader data:  loader data: 0x000002b6688ec540 for instance a 'jdk/internal/loader/ClassLoaders$AppClassLoader'{0x000000070426db20}
 - source file:       'AuthorizationHeaderFilter.java'
 - source debug extension:       SMAP
AuthorizationHeaderFilter.java
Java
*S jdt
*F
1 AuthorizationHeaderFilter.java
2 file:/C:/Users/91911/Navneet/SpringBootProject/ws-microsevices/5_ApiGateway/target/classes/
*L
*E

 - class annotations:       Array<T>(0x000002b66f2b9128)
 - class type annotations:  Array<T>(0x0000000000000000)
 - field annotations:       Array<T>(0x000002b66d85e9b8)
 - field type annotations:  Array<T>(0x0000000000000000)
 - generic signature: '
[error occurred during error reporting (inspecting top of stack), id 0xc0000005, EXCEPTION_ACCESS_VIOLATION (0xc0000005) at pc=0x00007ffea90be2a6]


---------------  P R O C E S S  ---------------

Threads class SMR info:
_java_thread_list=0x000002b66cc833c0, length=42, elements={
0x000002b667f9e970, 0x000002b6688056a0, 0x000002b668826710, 0x000002b668869210,
0x000002b668869bc0, 0x000002b66886c580, 0x000002b668874ff0, 0x000002b6688801b0,
0x000002b66895d040, 0x000002b668a5d550, 0x000002b668a8e0f0, 0x000002b668a94120,
0x000002b66941aff0, 0x000002b669636b80, 0x000002b6696527c0, 0x000002b6696f1040,
0x000002b66a5eaa00, 0x000002b66a5ede10, 0x000002b66a5fe200, 0x000002b66a8e4760,
0x000002b66a8e38f0, 0x000002b66c5d15e0, 0x000002b66c5d1ab0, 0x000002b66c5d2920,
0x000002b66c5d2df0, 0x000002b66c5d4600, 0x000002b66c5d0c40, 0x000002b66c5d32c0,
0x000002b66c5d3790, 0x000002b66c5d3c60, 0x000002b66c5d4130, 0x000002b66a661a50,
0x000002b66a663c00, 0x000002b66a6640d0, 0x000002b66a661f20, 0x000002b66a666c20,
0x000002b66a6623f0, 0x000002b66a660240, 0x000002b66a661580, 0x000002b66a664f40,
0x000002b66a660be0, 0x000002b66a6670f0
}

Java Threads: ( => current thread )
  0x000002b667f9e970 JavaThread "Reference Handler" daemon [_thread_blocked, id=24292, stack(0x000000f1f6200000,0x000000f1f6300000)]
  0x000002b6688056a0 JavaThread "Finalizer" daemon [_thread_blocked, id=21888, stack(0x000000f1f6300000,0x000000f1f6400000)]
  0x000002b668826710 JavaThread "Signal Dispatcher" daemon [_thread_blocked, id=27236, stack(0x000000f1f6400000,0x000000f1f6500000)]
  0x000002b668869210 JavaThread "Attach Listener" daemon [_thread_blocked, id=13052, stack(0x000000f1f6500000,0x000000f1f6600000)]
  0x000002b668869bc0 JavaThread "Service Thread" daemon [_thread_blocked, id=20536, stack(0x000000f1f6600000,0x000000f1f6700000)]
  0x000002b66886c580 JavaThread "Monitor Deflation Thread" daemon [_thread_blocked, id=10616, stack(0x000000f1f6700000,0x000000f1f6800000)]
  0x000002b668874ff0 JavaThread "C1 CompilerThread0" daemon [_thread_blocked, id=17468, stack(0x000000f1f6800000,0x000000f1f6900000)]
  0x000002b6688801b0 JavaThread "Sweeper thread" daemon [_thread_blocked, id=21796, stack(0x000000f1f6900000,0x000000f1f6a00000)]
  0x000002b66895d040 JavaThread "Common-Cleaner" daemon [_thread_blocked, id=25352, stack(0x000000f1f6a00000,0x000000f1f6b00000)]
=>0x000002b668a5d550 JavaThread "JDWP Transport Listener: dt_socket" daemon [_thread_in_vm, id=18392, stack(0x000000f1f6d00000,0x000000f1f6e00000)]
  0x000002b668a8e0f0 JavaThread "JDWP Event Helper Thread" daemon [_thread_blocked, id=2752, stack(0x000000f1f6e00000,0x000000f1f6f00000)]
  0x000002b668a94120 JavaThread "JDWP Command Reader" daemon [_thread_in_native, id=27356, stack(0x000000f1f6f00000,0x000000f1f7000000)]
  0x000002b66941aff0 JavaThread "Notification Thread" daemon [_thread_blocked, id=6736, stack(0x000000f1f7000000,0x000000f1f7100000)]
  0x000002b669636b80 JavaThread "RMI TCP Accept-0" daemon [_thread_in_native, id=26388, stack(0x000000f1f7100000,0x000000f1f7200000)]
  0x000002b6696527c0 JavaThread "RMI TCP Accept-49159" daemon [_thread_in_native, id=12580, stack(0x000000f1f7200000,0x000000f1f7300000)]
  0x000002b6696f1040 JavaThread "RMI TCP Accept-0" daemon [_thread_in_native, id=27444, stack(0x000000f1f7300000,0x000000f1f7400000)]
  0x000002b66a5eaa00 JavaThread "RMI Scheduler(0)" daemon [_thread_blocked, id=8732, stack(0x000000f1f7f00000,0x000000f1f8000000)]
  0x000002b66a5ede10 JavaThread "RMI TCP Connection(idle)" daemon [_thread_blocked, id=16072, stack(0x000000f1f8000000,0x000000f1f8100000)]
  0x000002b66a5fe200 JavaThread "JMX server connection timeout 25" daemon [_thread_blocked, id=21388, stack(0x000000f1f8100000,0x000000f1f8200000)]
  0x000002b66a8e4760 JavaThread "boundedElastic-evictor-1" daemon [_thread_blocked, id=19332, stack(0x000000f1f8400000,0x000000f1f8500000)]
  0x000002b66a8e38f0 JavaThread "spring.cloud.inetutils" daemon [_thread_blocked, id=25548, stack(0x000000f1f8500000,0x000000f1f8600000)]
  0x000002b66c5d15e0 JavaThread "AsyncResolver-bootstrap-0" daemon [_thread_blocked, id=14760, stack(0x000000f1f8600000,0x000000f1f8700000)]
  0x000002b66c5d1ab0 JavaThread "DiscoveryClient-0" daemon [_thread_blocked, id=14500, stack(0x000000f1f8700000,0x000000f1f8800000)]
  0x000002b66c5d2920 JavaThread "DiscoveryClient-1" daemon [_thread_blocked, id=16440, stack(0x000000f1f8800000,0x000000f1f8900000)]
  0x000002b66c5d2df0 JavaThread "DiscoveryClient-InstanceInfoReplicator-0" daemon [_thread_blocked, id=20680, stack(0x000000f1f8900000,0x000000f1f8a00000)]
  0x000002b66c5d4600 JavaThread "reactor-http-nio-1" daemon [_thread_in_native, id=17116, stack(0x000000f1f8a00000,0x000000f1f8b00000)]
  0x000002b66c5d0c40 JavaThread "server" [_thread_blocked, id=27340, stack(0x000000f1f8b00000,0x000000f1f8c00000)]
  0x000002b66c5d32c0 JavaThread "DestroyJavaVM" [_thread_blocked, id=26456, stack(0x000000f1f5b00000,0x000000f1f5c00000)]
  0x000002b66c5d3790 JavaThread "DiscoveryClient-CacheRefreshExecutor-0" daemon [_thread_blocked, id=1808, stack(0x000000f1f8200000,0x000000f1f8300000)]
  0x000002b66c5d3c60 JavaThread "DiscoveryClient-HeartbeatExecutor-0" daemon [_thread_blocked, id=23968, stack(0x000000f1f8c00000,0x000000f1f8d00000)]
  0x000002b66c5d4130 JavaThread "reactor-http-nio-2" daemon [_thread_in_native, id=26752, stack(0x000000f1f8e00000,0x000000f1f8f00000)]
  0x000002b66a661a50 JavaThread "reactor-http-nio-3" daemon [_thread_blocked, id=27320, stack(0x000000f1f8f00000,0x000000f1f9000000)]
  0x000002b66a663c00 JavaThread "parallel-1" daemon [_thread_blocked, id=22348, stack(0x000000f1f9000000,0x000000f1f9100000)]
  0x000002b66a6640d0 JavaThread "pool-10-thread-1" daemon [_thread_blocked, id=16168, stack(0x000000f1f9100000,0x000000f1f9200000)]
  0x000002b66a661f20 JavaThread "reactor-http-nio-4" daemon [_thread_in_native, id=26392, stack(0x000000f1f9200000,0x000000f1f9300000)]
  0x000002b66a666c20 JavaThread "reactor-http-nio-5" daemon [_thread_in_native, id=22256, stack(0x000000f1f9300000,0x000000f1f9400000)]
  0x000002b66a6623f0 JavaThread "reactor-http-nio-6" daemon [_thread_in_native, id=13548, stack(0x000000f1f9400000,0x000000f1f9500000)]
  0x000002b66a660240 JavaThread "reactor-http-nio-7" daemon [_thread_in_native, id=27064, stack(0x000000f1f9500000,0x000000f1f9600000)]
  0x000002b66a661580 JavaThread "reactor-http-nio-8" daemon [_thread_in_native, id=15312, stack(0x000000f1f9600000,0x000000f1f9700000)]
  0x000002b66a664f40 JavaThread "Thread-11" daemon [_thread_in_native, id=26280, stack(0x000000f1f9700000,0x000000f1f9800000)]
  0x000002b66a660be0 JavaThread "parallel-2" daemon [_thread_blocked, id=17432, stack(0x000000f1f5800000,0x000000f1f5900000)]
  0x000002b66a6670f0 JavaThread "AsyncResolver-bootstrap-executor-0" daemon [_thread_blocked, id=24672, stack(0x000000f1f5a00000,0x000000f1f5b00000)]

Other Threads:
  0x000002b667f64b20 VMThread "VM Thread" [stack: 0x000000f1f6100000,0x000000f1f6200000] [id=10816]
  0x000002b655796130 WatcherThread [stack: 0x000000f1f7400000,0x000000f1f7500000] [id=9220]
  0x000002b655776a90 GCTaskThread "GC Thread#0" [stack: 0x000000f1f5c00000,0x000000f1f5d00000] [id=25940]
  0x000002b6696f8d60 GCTaskThread "GC Thread#1" [stack: 0x000000f1f7500000,0x000000f1f7600000] [id=21544]
  0x000002b6696f9010 GCTaskThread "GC Thread#2" [stack: 0x000000f1f7600000,0x000000f1f7700000] [id=19212]
  0x000002b66970e3d0 GCTaskThread "GC Thread#3" [stack: 0x000000f1f7700000,0x000000f1f7800000] [id=14248]
  0x000002b66970e680 GCTaskThread "GC Thread#4" [stack: 0x000000f1f7800000,0x000000f1f7900000] [id=16452]
  0x000002b66970e930 GCTaskThread "GC Thread#5" [stack: 0x000000f1f7900000,0x000000f1f7a00000] [id=21284]
  0x000002b66973c720 GCTaskThread "GC Thread#6" [stack: 0x000000f1f7a00000,0x000000f1f7b00000] [id=15488]
  0x000002b66973c9d0 GCTaskThread "GC Thread#7" [stack: 0x000000f1f7b00000,0x000000f1f7c00000] [id=27640]
  0x000002b655787470 ConcurrentGCThread "G1 Main Marker" [stack: 0x000000f1f5d00000,0x000000f1f5e00000] [id=27572]
  0x000002b65578a540 ConcurrentGCThread "G1 Conc#0" [stack: 0x000000f1f5e00000,0x000000f1f5f00000] [id=26604]
  0x000002b66a8e1500 ConcurrentGCThread "G1 Conc#1" [stack: 0x000000f1f8300000,0x000000f1f8400000] [id=26008]
  0x000002b6557e1ac0 ConcurrentGCThread "G1 Refine#0" [stack: 0x000000f1f5f00000,0x000000f1f6000000] [id=23516]
  0x000002b66971f430 ConcurrentGCThread "G1 Refine#1" [stack: 0x000000f1f7c00000,0x000000f1f7d00000] [id=14704]
  0x000002b669720b30 ConcurrentGCThread "G1 Refine#2" [stack: 0x000000f1f7d00000,0x000000f1f7e00000] [id=18940]
  0x000002b667e244d0 ConcurrentGCThread "G1 Service" [stack: 0x000000f1f6000000,0x000000f1f6100000] [id=21640]

Threads with active compile tasks:

VM state: not at safepoint (normal execution)

VM Mutex/Monitor currently owned by a thread: None

Heap address: 0x0000000704000000, size: 4032 MB, Compressed Oops mode: Zero based, Oop shift amount: 3

CDS archive(s) not mapped
Compressed class space mapped at: 0x0000000800000000-0x0000000840000000, reserved size: 1073741824
Narrow klass base: 0x0000000800000000, Narrow klass shift: 0, Narrow klass range: 0x40000000

GC Precious Log:
 CPUs: 8 total, 8 available
 Memory: 16122M
 Large Page Support: Disabled
 NUMA Support: Disabled
 Compressed Oops: Enabled (Zero based)
 Heap Region Size: 2M
 Heap Min Capacity: 8M
 Heap Initial Capacity: 252M
 Heap Max Capacity: 4032M
 Pre-touch: Disabled
 Parallel Workers: 8
 Concurrent Workers: 2
 Concurrent Refinement Workers: 8
 Periodic GC: Disabled

Heap:
 garbage-first heap   total 161792K, used 104629K [0x0000000704000000, 0x0000000800000000)
  region size 2048K, 46 young (94208K), 5 survivors (10240K)
 Metaspace       used 58701K, committed 59200K, reserved 1105920K
  class space    used 7829K, committed 8064K, reserved 1048576K

Heap Regions: E=young(eden), S=young(survivor), O=old, HS=humongous(starts), HC=humongous(continues), CS=collection set, F=free, OA=open archive, CA=closed archive, TAMS=top-at-mark-start (previous, next)
|   0|0x0000000704000000, 0x0000000704200000, 0x0000000704200000|100%| O|  |TAMS 0x0000000704200000, 0x0000000704000000| Untracked 
|   1|0x0000000704200000, 0x0000000704400000, 0x0000000704400000|100%| O|  |TAMS 0x0000000704400000, 0x0000000704200000| Untracked 
|   2|0x0000000704400000, 0x0000000704600000, 0x0000000704600000|100%| O|  |TAMS 0x0000000704600000, 0x0000000704400000| Untracked 
|   3|0x0000000704600000, 0x0000000704800000, 0x0000000704800000|100%| O|  |TAMS 0x0000000704600000, 0x0000000704600000| Untracked 
|   4|0x0000000704800000, 0x0000000704a00000, 0x0000000704a00000|100%| O|  |TAMS 0x0000000704a00000, 0x0000000704800000| Untracked 
|   5|0x0000000704a00000, 0x0000000704a00000, 0x0000000704c00000|  0%| F|  |TAMS 0x0000000704a00000, 0x0000000704a00000| Untracked 
|   6|0x0000000704c00000, 0x0000000704c00000, 0x0000000704e00000|  0%| F|  |TAMS 0x0000000704c00000, 0x0000000704c00000| Untracked 
|   7|0x0000000704e00000, 0x0000000704e00000, 0x0000000705000000|  0%| F|  |TAMS 0x0000000704e00000, 0x0000000704e00000| Untracked 
|   8|0x0000000705000000, 0x0000000705200000, 0x0000000705200000|100%| O|  |TAMS 0x0000000705000000, 0x0000000705000000| Untracked 
|   9|0x0000000705200000, 0x0000000705396000, 0x0000000705400000| 79%| O|  |TAMS 0x0000000705200000, 0x0000000705200000| Untracked 
|  10|0x0000000705400000, 0x0000000705400000, 0x0000000705600000|  0%| F|  |TAMS 0x0000000705400000, 0x0000000705400000| Untracked 
|  11|0x0000000705600000, 0x0000000705600000, 0x0000000705800000|  0%| F|  |TAMS 0x0000000705600000, 0x0000000705600000| Untracked 
|  12|0x0000000705800000, 0x0000000705800000, 0x0000000705a00000|  0%| F|  |TAMS 0x0000000705800000, 0x0000000705800000| Untracked 
|  13|0x0000000705a00000, 0x0000000705a00000, 0x0000000705c00000|  0%| F|  |TAMS 0x0000000705a00000, 0x0000000705a00000| Untracked 
|  14|0x0000000705c00000, 0x0000000705c00000, 0x0000000705e00000|  0%| F|  |TAMS 0x0000000705c00000, 0x0000000705c00000| Untracked 
|  15|0x0000000705e00000, 0x0000000705e00000, 0x0000000706000000|  0%| F|  |TAMS 0x0000000705e00000, 0x0000000705e00000| Untracked 
|  16|0x0000000706000000, 0x0000000706000000, 0x0000000706200000|  0%| F|  |TAMS 0x0000000706000000, 0x0000000706000000| Untracked 
|  17|0x0000000706200000, 0x0000000706200000, 0x0000000706400000|  0%| F|  |TAMS 0x0000000706200000, 0x0000000706200000| Untracked 
|  18|0x0000000706400000, 0x0000000706400000, 0x0000000706600000|  0%| F|  |TAMS 0x0000000706400000, 0x0000000706400000| Untracked 
|  19|0x0000000706600000, 0x0000000706600000, 0x0000000706800000|  0%| F|  |TAMS 0x0000000706600000, 0x0000000706600000| Untracked 
|  20|0x0000000706800000, 0x0000000706800000, 0x0000000706a00000|  0%| F|  |TAMS 0x0000000706800000, 0x0000000706800000| Untracked 
|  21|0x0000000706a00000, 0x0000000706a00000, 0x0000000706c00000|  0%| F|  |TAMS 0x0000000706a00000, 0x0000000706a00000| Untracked 
|  22|0x0000000706c00000, 0x0000000706c00000, 0x0000000706e00000|  0%| F|  |TAMS 0x0000000706c00000, 0x0000000706c00000| Untracked 
|  23|0x0000000706e00000, 0x0000000706e00000, 0x0000000707000000|  0%| F|  |TAMS 0x0000000706e00000, 0x0000000706e00000| Untracked 
|  24|0x0000000707000000, 0x0000000707000000, 0x0000000707200000|  0%| F|  |TAMS 0x0000000707000000, 0x0000000707000000| Untracked 
|  25|0x0000000707200000, 0x0000000707200000, 0x0000000707400000|  0%| F|  |TAMS 0x0000000707200000, 0x0000000707200000| Untracked 
|  26|0x0000000707400000, 0x00000007074976a0, 0x0000000707600000| 29%| S|CS|TAMS 0x0000000707400000, 0x0000000707400000| Complete 
|  27|0x0000000707600000, 0x0000000707800000, 0x0000000707800000|100%| S|CS|TAMS 0x0000000707600000, 0x0000000707600000| Complete 
|  28|0x0000000707800000, 0x0000000707a00000, 0x0000000707a00000|100%| S|CS|TAMS 0x0000000707800000, 0x0000000707800000| Complete 
|  29|0x0000000707a00000, 0x0000000707a00000, 0x0000000707c00000|  0%| F|  |TAMS 0x0000000707a00000, 0x0000000707a00000| Untracked 
|  30|0x0000000707c00000, 0x0000000707c00000, 0x0000000707e00000|  0%| F|  |TAMS 0x0000000707c00000, 0x0000000707c00000| Untracked 
|  31|0x0000000707e00000, 0x0000000708000000, 0x0000000708000000|100%| S|CS|TAMS 0x0000000707e00000, 0x0000000707e00000| Complete 
|  32|0x0000000708000000, 0x0000000708200000, 0x0000000708200000|100%| S|CS|TAMS 0x0000000708000000, 0x0000000708000000| Complete 
|  33|0x0000000708200000, 0x0000000708200000, 0x0000000708400000|  0%| F|  |TAMS 0x0000000708200000, 0x0000000708200000| Untracked 
|  34|0x0000000708400000, 0x0000000708400000, 0x0000000708600000|  0%| F|  |TAMS 0x0000000708400000, 0x0000000708400000| Untracked 
|  35|0x0000000708600000, 0x0000000708600000, 0x0000000708800000|  0%| F|  |TAMS 0x0000000708600000, 0x0000000708600000| Untracked 
|  36|0x0000000708800000, 0x0000000708800000, 0x0000000708a00000|  0%| F|  |TAMS 0x0000000708800000, 0x0000000708800000| Untracked 
|  37|0x0000000708a00000, 0x0000000708bd4d20, 0x0000000708c00000| 91%| E|  |TAMS 0x0000000708a00000, 0x0000000708a00000| Complete 
|  38|0x0000000708c00000, 0x0000000708e00000, 0x0000000708e00000|100%| E|CS|TAMS 0x0000000708c00000, 0x0000000708c00000| Complete 
|  39|0x0000000708e00000, 0x0000000709000000, 0x0000000709000000|100%| E|CS|TAMS 0x0000000708e00000, 0x0000000708e00000| Complete 
|  40|0x0000000709000000, 0x0000000709200000, 0x0000000709200000|100%| E|CS|TAMS 0x0000000709000000, 0x0000000709000000| Complete 
|  41|0x0000000709200000, 0x0000000709400000, 0x0000000709400000|100%| E|CS|TAMS 0x0000000709200000, 0x0000000709200000| Complete 
|  42|0x0000000709400000, 0x0000000709600000, 0x0000000709600000|100%| E|CS|TAMS 0x0000000709400000, 0x0000000709400000| Complete 
|  43|0x0000000709600000, 0x0000000709800000, 0x0000000709800000|100%| E|CS|TAMS 0x0000000709600000, 0x0000000709600000| Complete 
|  44|0x0000000709800000, 0x0000000709a00000, 0x0000000709a00000|100%| E|CS|TAMS 0x0000000709800000, 0x0000000709800000| Complete 
|  45|0x0000000709a00000, 0x0000000709c00000, 0x0000000709c00000|100%| E|CS|TAMS 0x0000000709a00000, 0x0000000709a00000| Complete 
|  46|0x0000000709c00000, 0x0000000709e00000, 0x0000000709e00000|100%| E|CS|TAMS 0x0000000709c00000, 0x0000000709c00000| Complete 
|  47|0x0000000709e00000, 0x000000070a000000, 0x000000070a000000|100%| E|CS|TAMS 0x0000000709e00000, 0x0000000709e00000| Complete 
|  48|0x000000070a000000, 0x000000070a200000, 0x000000070a200000|100%| E|CS|TAMS 0x000000070a000000, 0x000000070a000000| Complete 
|  49|0x000000070a200000, 0x000000070a400000, 0x000000070a400000|100%| E|CS|TAMS 0x000000070a200000, 0x000000070a200000| Complete 
|  50|0x000000070a400000, 0x000000070a600000, 0x000000070a600000|100%| E|CS|TAMS 0x000000070a400000, 0x000000070a400000| Complete 
|  51|0x000000070a600000, 0x000000070a800000, 0x000000070a800000|100%| E|CS|TAMS 0x000000070a600000, 0x000000070a600000| Complete 
|  52|0x000000070a800000, 0x000000070aa00000, 0x000000070aa00000|100%| E|CS|TAMS 0x000000070a800000, 0x000000070a800000| Complete 
|  53|0x000000070aa00000, 0x000000070ac00000, 0x000000070ac00000|100%| E|  |TAMS 0x000000070aa00000, 0x000000070aa00000| Complete 
|  54|0x000000070ac00000, 0x000000070ae00000, 0x000000070ae00000|100%| E|CS|TAMS 0x000000070ac00000, 0x000000070ac00000| Complete 
|  55|0x000000070ae00000, 0x000000070b000000, 0x000000070b000000|100%| E|CS|TAMS 0x000000070ae00000, 0x000000070ae00000| Complete 
|  56|0x000000070b000000, 0x000000070b200000, 0x000000070b200000|100%| E|CS|TAMS 0x000000070b000000, 0x000000070b000000| Complete 
|  57|0x000000070b200000, 0x000000070b400000, 0x000000070b400000|100%| E|CS|TAMS 0x000000070b200000, 0x000000070b200000| Complete 
|  58|0x000000070b400000, 0x000000070b600000, 0x000000070b600000|100%| E|CS|TAMS 0x000000070b400000, 0x000000070b400000| Complete 
|  59|0x000000070b600000, 0x000000070b800000, 0x000000070b800000|100%| E|CS|TAMS 0x000000070b600000, 0x000000070b600000| Complete 
|  60|0x000000070b800000, 0x000000070ba00000, 0x000000070ba00000|100%| E|CS|TAMS 0x000000070b800000, 0x000000070b800000| Complete 
|  61|0x000000070ba00000, 0x000000070bc00000, 0x000000070bc00000|100%| E|CS|TAMS 0x000000070ba00000, 0x000000070ba00000| Complete 
|  62|0x000000070bc00000, 0x000000070be00000, 0x000000070be00000|100%| E|CS|TAMS 0x000000070bc00000, 0x000000070bc00000| Complete 
|  63|0x000000070be00000, 0x000000070c000000, 0x000000070c000000|100%| E|CS|TAMS 0x000000070be00000, 0x000000070be00000| Complete 
|  64|0x000000070c000000, 0x000000070c200000, 0x000000070c200000|100%| E|CS|TAMS 0x000000070c000000, 0x000000070c000000| Complete 
|  65|0x000000070c200000, 0x000000070c400000, 0x000000070c400000|100%| E|CS|TAMS 0x000000070c200000, 0x000000070c200000| Complete 
|  66|0x000000070c400000, 0x000000070c600000, 0x000000070c600000|100%| E|CS|TAMS 0x000000070c400000, 0x000000070c400000| Complete 
|  67|0x000000070c600000, 0x000000070c800000, 0x000000070c800000|100%| E|CS|TAMS 0x000000070c600000, 0x000000070c600000| Complete 
|  68|0x000000070c800000, 0x000000070ca00000, 0x000000070ca00000|100%| E|CS|TAMS 0x000000070c800000, 0x000000070c800000| Complete 
|  69|0x000000070ca00000, 0x000000070cc00000, 0x000000070cc00000|100%| E|CS|TAMS 0x000000070ca00000, 0x000000070ca00000| Complete 
|  70|0x000000070cc00000, 0x000000070ce00000, 0x000000070ce00000|100%| E|CS|TAMS 0x000000070cc00000, 0x000000070cc00000| Complete 
|  71|0x000000070ce00000, 0x000000070d000000, 0x000000070d000000|100%| E|CS|TAMS 0x000000070ce00000, 0x000000070ce00000| Complete 
|  72|0x000000070d000000, 0x000000070d200000, 0x000000070d200000|100%| E|CS|TAMS 0x000000070d000000, 0x000000070d000000| Complete 
|  73|0x000000070d200000, 0x000000070d400000, 0x000000070d400000|100%| E|CS|TAMS 0x000000070d200000, 0x000000070d200000| Complete 
|  74|0x000000070d400000, 0x000000070d600000, 0x000000070d600000|100%| E|CS|TAMS 0x000000070d400000, 0x000000070d400000| Complete 
|  75|0x000000070d600000, 0x000000070d800000, 0x000000070d800000|100%| E|CS|TAMS 0x000000070d600000, 0x000000070d600000| Complete 
|  76|0x000000070d800000, 0x000000070da00000, 0x000000070da00000|100%| E|CS|TAMS 0x000000070d800000, 0x000000070d800000| Complete 
| 125|0x0000000713a00000, 0x0000000713c00000, 0x0000000713c00000|100%| E|CS|TAMS 0x0000000713a00000, 0x0000000713a00000| Complete 
|2015|0x00000007ffe00000, 0x0000000800000000, 0x0000000800000000|100%| O|  |TAMS 0x00000007ffe00000, 0x00000007ffe00000| Untracked 

Card table byte_map: [0x000002b65c6c0000,0x000002b65cea0000] _byte_map_base: 0x000002b658ea0000

Marking Bits (Prev, Next): (CMBitMap*) 0x000002b655776f40, (CMBitMap*) 0x000002b655776f80
 Prev Bits: [0x000002b65d680000, 0x000002b661580000)
 Next Bits: [0x000002b661580000, 0x000002b665480000)

Polling page: 0x000002b653720000

Metaspace:

Usage:
  Non-class:     49.68 MB used.
      Class:      7.65 MB used.
       Both:     57.33 MB used.

Virtual space:
  Non-class space:       56.00 MB reserved,      49.94 MB ( 89%) committed,  7 nodes.
      Class space:        1.00 GB reserved,       7.88 MB ( <1%) committed,  1 nodes.
             Both:        1.05 GB reserved,      57.81 MB (  5%) committed. 

Chunk freelists:
   Non-Class:  1.26 MB
       Class:  49.00 KB
        Both:  1.31 MB

MaxMetaspaceSize: unlimited
CompressedClassSpaceSize: 1.00 GB
Initial GC threshold: 21.00 MB
Current GC threshold: 59.19 MB
CDS: off
MetaspaceReclaimPolicy: balanced
 - commit_granule_bytes: 65536.
 - commit_granule_words: 8192.
 - virtual_space_node_default_size: 1048576.
 - enlarge_chunks_in_place: 1.
 - new_chunks_are_fully_committed: 0.
 - uncommit_free_chunks: 1.
 - use_allocation_guard: 0.
 - handle_deallocations: 1.


Internal statistics:

num_allocs_failed_limit: 6.
num_arena_births: 662.
num_arena_deaths: 0.
num_vsnodes_births: 8.
num_vsnodes_deaths: 0.
num_space_committed: 925.
num_space_uncommitted: 0.
num_chunks_returned_to_freelist: 6.
num_chunks_taken_from_freelist: 2497.
num_chunk_merges: 6.
num_chunk_splits: 1657.
num_chunks_enlarged: 1206.
num_purges: 0.
num_inconsistent_stats: 0.

CodeCache: size=49152Kb used=12003Kb max_used=12566Kb free=37148Kb
 bounds [0x000002b658dd0000, 0x000002b659a20000, 0x000002b65bdd0000]
 total_blobs=6779 nmethods=6163 adapters=543
 compilation: enabled
              stopped_count=0, restarted_count=0
 full_count=0

Compilation events (20 events):
Event: 454.233 Thread 0x000002b668874ff0 6154       1       java.util.concurrent.ConcurrentLinkedDeque$Itr::<init> (11 bytes)
Event: 454.233 Thread 0x000002b668874ff0 nmethod 6154 0x000002b658f9f190 code [0x000002b658f9f320, 0x000002b658f9f4c8]
Event: 454.233 Thread 0x000002b668874ff0 6155       1       java.util.concurrent.ConcurrentLinkedDeque$AbstractItr::<init> (14 bytes)
Event: 454.233 Thread 0x000002b668874ff0 nmethod 6155 0x000002b658f9ee10 code [0x000002b658f9efa0, 0x000002b658f9f0e8]
Event: 454.233 Thread 0x000002b668874ff0 6156       1       java.util.concurrent.ConcurrentLinkedDeque$Itr::startNode (8 bytes)
Event: 454.233 Thread 0x000002b668874ff0 nmethod 6156 0x000002b658f9ea90 code [0x000002b658f9ec20, 0x000002b658f9ed08]
Event: 454.234 Thread 0x000002b668874ff0 6157       1       java.util.concurrent.atomic.AtomicLongFieldUpdater$CASUpdater::compareAndSet (20 bytes)
Event: 454.234 Thread 0x000002b668874ff0 nmethod 6157 0x000002b658f9e690 code [0x000002b658f9e820, 0x000002b658f9e988]
Event: 474.923 Thread 0x000002b668874ff0 6158       1       io.netty.channel.nio.AbstractNioChannel::javaChannel (5 bytes)
Event: 474.923 Thread 0x000002b668874ff0 nmethod 6158 0x000002b658f9e390 code [0x000002b658f9e520, 0x000002b658f9e5f8]
Event: 474.923 Thread 0x000002b668874ff0 6159       1       io.netty.util.AsciiString$1::hashCode (9 bytes)
Event: 474.923 Thread 0x000002b668874ff0 nmethod 6159 0x000002b658f9de90 code [0x000002b658f9e040, 0x000002b658f9e258]
Event: 474.923 Thread 0x000002b668874ff0 6160       1       io.netty.util.AsciiString$1::hashCode (5 bytes)
Event: 474.923 Thread 0x000002b668874ff0 nmethod 6160 0x000002b658f9da90 code [0x000002b658f9dc40, 0x000002b658f9ddf8]
Event: 474.923 Thread 0x000002b668874ff0 6161       1       io.netty.util.AsciiString::hashCode (23 bytes)
Event: 474.923 Thread 0x000002b668874ff0 nmethod 6161 0x000002b658f9d690 code [0x000002b658f9d840, 0x000002b658f9d9d8]
Event: 474.923 Thread 0x000002b668874ff0 6163       1       java.util.concurrent.atomic.AtomicIntegerFieldUpdater$AtomicIntegerFieldUpdaterImpl::addAndGet (9 bytes)
Event: 474.924 Thread 0x000002b668874ff0 nmethod 6163 0x000002b658f9d290 code [0x000002b658f9d420, 0x000002b658f9d568]
Event: 474.924 Thread 0x000002b668874ff0 6162       1       reactor.core.publisher.MonoIgnoreThen$ThenIgnoreMain::actual (5 bytes)
Event: 474.924 Thread 0x000002b668874ff0 nmethod 6162 0x000002b658f9cd10 code [0x000002b658f9cea0, 0x000002b658f9cf78]

GC Heap History (20 events):
Event: 1.524 GC heap before
{Heap before GC invocations=2 (full 0):
 garbage-first heap   total 258048K, used 42946K [0x0000000704000000, 0x0000000800000000)
  region size 2048K, 19 young (38912K), 1 survivors (2048K)
 Metaspace       used 21224K, committed 21504K, reserved 1073152K
  class space    used 2370K, committed 2496K, reserved 1048576K
}
Event: 1.526 GC heap after
{Heap after GC invocations=3 (full 0):
 garbage-first heap   total 258048K, used 9294K [0x0000000704000000, 0x0000000800000000)
  region size 2048K, 2 young (4096K), 2 survivors (4096K)
 Metaspace       used 21224K, committed 21504K, reserved 1073152K
  class space    used 2370K, committed 2496K, reserved 1048576K
}
Event: 1.635 GC heap before
{Heap before GC invocations=4 (full 0):
 garbage-first heap   total 55296K, used 37966K [0x0000000704000000, 0x0000000800000000)
  region size 2048K, 18 young (36864K), 2 survivors (4096K)
 Metaspace       used 24054K, committed 24320K, reserved 1073152K
  class space    used 2788K, committed 2944K, reserved 1048576K
}
Event: 1.637 GC heap after
{Heap after GC invocations=5 (full 0):
 garbage-first heap   total 55296K, used 9895K [0x0000000704000000, 0x0000000800000000)
  region size 2048K, 2 young (4096K), 2 survivors (4096K)
 Metaspace       used 24054K, committed 24320K, reserved 1073152K
  class space    used 2788K, committed 2944K, reserved 1048576K
}
Event: 1.645 GC heap before
{Heap before GC invocations=5 (full 0):
 garbage-first heap   total 55296K, used 11943K [0x0000000704000000, 0x0000000800000000)
  region size 2048K, 3 young (6144K), 2 survivors (4096K)
 Metaspace       used 24205K, committed 24448K, reserved 1073152K
  class space    used 2809K, committed 2944K, reserved 1048576K
}
Event: 1.647 GC heap after
{Heap after GC invocations=6 (full 0):
 garbage-first heap   total 55296K, used 10019K [0x0000000704000000, 0x0000000800000000)
  region size 2048K, 1 young (2048K), 1 survivors (2048K)
 Metaspace       used 24205K, committed 24448K, reserved 1073152K
  class space    used 2809K, committed 2944K, reserved 1048576K
}
Event: 1.737 GC heap before
{Heap before GC invocations=6 (full 0):
 garbage-first heap   total 55296K, used 36643K [0x0000000704000000, 0x0000000800000000)
  region size 2048K, 14 young (28672K), 1 survivors (2048K)
 Metaspace       used 26327K, committed 26560K, reserved 1073152K
  class space    used 3181K, committed 3264K, reserved 1048576K
}
Event: 1.739 GC heap after
{Heap after GC invocations=7 (full 0):
 garbage-first heap   total 157696K, used 10535K [0x0000000704000000, 0x0000000800000000)
  region size 2048K, 1 young (2048K), 1 survivors (2048K)
 Metaspace       used 26327K, committed 26560K, reserved 1073152K
  class space    used 3181K, committed 3264K, reserved 1048576K
}
Event: 2.054 GC heap before
{Heap before GC invocations=7 (full 0):
 garbage-first heap   total 157696K, used 100647K [0x0000000704000000, 0x0000000800000000)
  region size 2048K, 46 young (94208K), 1 survivors (2048K)
 Metaspace       used 32638K, committed 32960K, reserved 1081344K
  class space    used 3961K, committed 4096K, reserved 1048576K
}
Event: 2.058 GC heap after
{Heap after GC invocations=8 (full 0):
 garbage-first heap   total 157696K, used 12505K [0x0000000704000000, 0x0000000800000000)
  region size 2048K, 2 young (4096K), 2 survivors (4096K)
 Metaspace       used 32638K, committed 32960K, reserved 1081344K
  class space    used 3961K, committed 4096K, reserved 1048576K
}
Event: 2.377 GC heap before
{Heap before GC invocations=8 (full 0):
 garbage-first heap   total 157696K, used 59609K [0x0000000704000000, 0x0000000800000000)
  region size 2048K, 26 young (53248K), 2 survivors (4096K)
 Metaspace       used 35798K, committed 36096K, reserved 1081344K
  class space    used 4445K, committed 4608K, reserved 1048576K
}
Event: 2.382 GC heap after
{Heap after GC invocations=9 (full 0):
 garbage-first heap   total 157696K, used 14281K [0x0000000704000000, 0x0000000800000000)
  region size 2048K, 3 young (6144K), 3 survivors (6144K)
 Metaspace       used 35798K, committed 36096K, reserved 1081344K
  class space    used 4445K, committed 4608K, reserved 1048576K
}
Event: 2.720 GC heap before
{Heap before GC invocations=10 (full 0):
 garbage-first heap   total 61440K, used 51145K [0x0000000704000000, 0x0000000800000000)
  region size 2048K, 22 young (45056K), 3 survivors (6144K)
 Metaspace       used 39302K, committed 39616K, reserved 1089536K
  class space    used 4963K, committed 5120K, reserved 1048576K
}
Event: 2.728 GC heap after
{Heap after GC invocations=11 (full 0):
 garbage-first heap   total 63488K, used 16329K [0x0000000704000000, 0x0000000800000000)
  region size 2048K, 2 young (4096K), 2 survivors (4096K)
 Metaspace       used 39302K, committed 39616K, reserved 1089536K
  class space    used 4963K, committed 5120K, reserved 1048576K
}
Event: 2.739 GC heap before
{Heap before GC invocations=11 (full 0):
 garbage-first heap   total 63488K, used 18377K [0x0000000704000000, 0x0000000800000000)
  region size 2048K, 3 young (6144K), 2 survivors (4096K)
 Metaspace       used 39406K, committed 39808K, reserved 1089536K
  class space    used 4975K, committed 5184K, reserved 1048576K
}
Event: 2.744 GC heap after
{Heap after GC invocations=12 (full 0):
 garbage-first heap   total 161792K, used 16721K [0x0000000704000000, 0x0000000800000000)
  region size 2048K, 1 young (2048K), 1 survivors (2048K)
 Metaspace       used 39406K, committed 39808K, reserved 1089536K
  class space    used 4975K, committed 5184K, reserved 1048576K
}
Event: 3.607 GC heap before
{Heap before GC invocations=12 (full 0):
 garbage-first heap   total 161792K, used 110929K [0x0000000704000000, 0x0000000800000000)
  region size 2048K, 47 young (96256K), 1 survivors (2048K)
 Metaspace       used 45635K, committed 46080K, reserved 1089536K
  class space    used 5932K, committed 6144K, reserved 1048576K
}
Event: 3.614 GC heap after
{Heap after GC invocations=13 (full 0):
 garbage-first heap   total 161792K, used 19732K [0x0000000704000000, 0x0000000800000000)
  region size 2048K, 2 young (4096K), 2 survivors (4096K)
 Metaspace       used 45635K, committed 46080K, reserved 1089536K
  class space    used 5932K, committed 6144K, reserved 1048576K
}
Event: 35.428 GC heap before
{Heap before GC invocations=13 (full 0):
 garbage-first heap   total 161792K, used 111892K [0x0000000704000000, 0x0000000800000000)
  region size 2048K, 47 young (96256K), 2 survivors (4096K)
 Metaspace       used 53891K, committed 54336K, reserved 1097728K
  class space    used 7084K, committed 7296K, reserved 1048576K
}
Event: 35.436 GC heap after
{Heap after GC invocations=14 (full 0):
 garbage-first heap   total 161792K, used 24757K [0x0000000704000000, 0x0000000800000000)
  region size 2048K, 5 young (10240K), 5 survivors (10240K)
 Metaspace       used 53891K, committed 54336K, reserved 1097728K
  class space    used 7084K, committed 7296K, reserved 1048576K
}

Deoptimization events (20 events):
Event: 35.545 Thread 0x000002b66a661a50 DEOPT PACKING pc=0x000002b6596e716c sp=0x000000f1f8ffb090
Event: 35.545 Thread 0x000002b66a661a50 DEOPT UNPACKING pc=0x000002b658e26763 sp=0x000000f1f8ffa550 mode 1
Event: 35.546 Thread 0x000002b66a661a50 DEOPT PACKING pc=0x000002b65976d40c sp=0x000000f1f8ffb360
Event: 35.546 Thread 0x000002b66a661a50 DEOPT UNPACKING pc=0x000002b658e26763 sp=0x000000f1f8ffa8c8 mode 1
Event: 35.546 Thread 0x000002b66a661a50 DEOPT PACKING pc=0x000002b65976d40c sp=0x000000f1f8ffb2f0
Event: 35.546 Thread 0x000002b66a661a50 DEOPT UNPACKING pc=0x000002b658e26763 sp=0x000000f1f8ffa858 mode 1
Event: 132.982 Thread 0x000002b66a661a50 DEOPT PACKING pc=0x000002b658f26ff4 sp=0x000000f1f8ffe710
Event: 132.982 Thread 0x000002b66a661a50 DEOPT UNPACKING pc=0x000002b658e26763 sp=0x000000f1f8ffdbd8 mode 1
Event: 132.987 Thread 0x000002b66a661a50 DEOPT PACKING pc=0x000002b6592d6a64 sp=0x000000f1f8ffc7f0
Event: 132.987 Thread 0x000002b66a661a50 DEOPT UNPACKING pc=0x000002b658e26763 sp=0x000000f1f8ffbc88 mode 1
Event: 132.987 Thread 0x000002b66a661a50 DEOPT PACKING pc=0x000002b6592c5cfc sp=0x000000f1f8ffc8c0
Event: 132.987 Thread 0x000002b66a661a50 DEOPT UNPACKING pc=0x000002b658e26763 sp=0x000000f1f8ffbd78 mode 1
Event: 133.003 Thread 0x000002b66a661a50 DEOPT PACKING pc=0x000002b6592d6a64 sp=0x000000f1f8ffb090
Event: 133.003 Thread 0x000002b66a661a50 DEOPT UNPACKING pc=0x000002b658e26763 sp=0x000000f1f8ffa528 mode 1
Event: 133.003 Thread 0x000002b66a661a50 DEOPT PACKING pc=0x000002b6592c5cfc sp=0x000000f1f8ffb160
Event: 133.003 Thread 0x000002b66a661a50 DEOPT UNPACKING pc=0x000002b658e26763 sp=0x000000f1f8ffa618 mode 1
Event: 133.003 Thread 0x000002b66a661a50 DEOPT PACKING pc=0x000002b6591ce9dc sp=0x000000f1f8ffbb50
Event: 133.003 Thread 0x000002b66a661a50 DEOPT UNPACKING pc=0x000002b658e26763 sp=0x000000f1f8ffb028 mode 1
Event: 133.003 Thread 0x000002b66a661a50 DEOPT PACKING pc=0x000002b65950033c sp=0x000000f1f8ffbbf0
Event: 133.003 Thread 0x000002b66a661a50 DEOPT UNPACKING pc=0x000002b658e26763 sp=0x000000f1f8ffb188 mode 1

Classes unloaded (0 events):
No events

Classes redefined (6 events):
Event: 254.790 Thread 0x000002b667f64b20 redefined class name=nav.photoapp.api.gateway.AuthorizationHeaderFilter, count=1
Event: 254.790 Thread 0x000002b667f64b20 redefined class name=nav.photoapp.api.gateway.AuthorizationHeaderFilter$Config, count=1
Event: 314.557 Thread 0x000002b667f64b20 redefined class name=nav.photoapp.api.gateway.AuthorizationHeaderFilter, count=2
Event: 314.557 Thread 0x000002b667f64b20 redefined class name=nav.photoapp.api.gateway.AuthorizationHeaderFilter$Config, count=2
Event: 436.469 Thread 0x000002b667f64b20 redefined class name=nav.photoapp.api.gateway.AuthorizationHeaderFilter, count=3
Event: 436.469 Thread 0x000002b667f64b20 redefined class name=nav.photoapp.api.gateway.AuthorizationHeaderFilter$Config, count=3

Internal exceptions (20 events):
Event: 35.585 Thread 0x000002b66a661a50 Exception <a 'java/lang/NoSuchMethodError'{0x000000070cd5bfb0}: 'java.lang.Object java.lang.invoke.DirectMethodHandle$Holder.newInvokeSpecial(java.lang.Object, java.lang.Object, java.lang.Object, int)'> (0x000000070cd5bfb0) 
thrown [e:\jenkins\tmp\workspace\build\src\src\hotspot\share\interpreter\linkResolver.cpp, line 766]
Event: 35.586 Thread 0x000002b66a661a50 Exception <a 'java/lang/NoSuchMethodError'{0x000000070cd60fe0}: 'java.lang.Object java.lang.invoke.DirectMethodHandle$Holder.invokeSpecial(java.lang.Object, java.lang.Object, java.lang.Object, java.lang.Object, int)'> (0x000000070cd60fe0) 
thrown [e:\jenkins\tmp\workspace\build\src\src\hotspot\share\interpreter\linkResolver.cpp, line 766]
Event: 35.586 Thread 0x000002b66a661a50 Exception <a 'java/lang/NoSuchMethodError'{0x000000070cd658f0}: 'java.lang.Object java.lang.invoke.Invokers$Holder.linkToTargetMethod(java.lang.Object, java.lang.Object, int, java.lang.Object)'> (0x000000070cd658f0) 
thrown [e:\jenkins\tmp\workspace\build\src\src\hotspot\share\interpreter\linkResolver.cpp, line 766]
Event: 35.629 Thread 0x000002b66a661a50 Exception <a 'java/io/FileNotFoundException'{0x000000070c974688}> (0x000000070c974688) 
thrown [e:\jenkins\tmp\workspace\build\src\src\hotspot\share\prims\jni.cpp, line 516]
Event: 35.644 Thread 0x000002b66a661a50 Exception <a 'sun/nio/fs/WindowsException'{0x000000070c6cba38}> (0x000000070c6cba38) 
thrown [e:\jenkins\tmp\workspace\build\src\src\hotspot\share\prims\jni.cpp, line 516]
Event: 35.686 Thread 0x000002b66a661a50 Exception <a 'java/lang/NoSuchMethodError'{0x000000070c248090}: 'java.lang.Object java.lang.invoke.DirectMethodHandle$Holder.newInvokeSpecial(java.lang.Object, java.lang.Object, long, java.lang.Object)'> (0x000000070c248090) 
thrown [e:\jenkins\tmp\workspace\build\src\src\hotspot\share\interpreter\linkResolver.cpp, line 766]
Event: 35.687 Thread 0x000002b66a661a50 Exception <a 'java/lang/NoSuchMethodError'{0x000000070c24d198}: 'java.lang.Object java.lang.invoke.DirectMethodHandle$Holder.invokeSpecial(java.lang.Object, java.lang.Object, java.lang.Object, long, java.lang.Object)'> (0x000000070c24d198) 
thrown [e:\jenkins\tmp\workspace\build\src\src\hotspot\share\interpreter\linkResolver.cpp, line 766]
Event: 35.687 Thread 0x000002b66a661a50 Exception <a 'java/lang/NoSuchMethodError'{0x000000070c251d58}: 'java.lang.Object java.lang.invoke.Invokers$Holder.linkToTargetMethod(java.lang.Object, long, java.lang.Object, java.lang.Object)'> (0x000000070c251d58) 
thrown [e:\jenkins\tmp\workspace\build\src\src\hotspot\share\interpreter\linkResolver.cpp, line 766]
Event: 35.700 Thread 0x000002b66a661a50 Exception <a 'java/lang/NoSuchMethodError'{0x000000070c30ff90}: 'java.lang.Object java.lang.invoke.DirectMethodHandle$Holder.newInvokeSpecial(java.lang.Object, java.lang.Object, java.lang.Object, java.lang.Object, java.lang.Object, int, java.lang.Object)'> (0x000000070c30ff90) 
thrown [e:\jenkins\tmp\workspace\build\src\src\hotspot\share\interpreter\linkResolver.cpp, line 766]
Event: 35.746 Thread 0x000002b66a661a50 Exception <a 'java/lang/NoSuchMethodError'{0x000000070be66658}: 'java.lang.Object java.lang.invoke.Invokers$Holder.linkToTargetMethod(java.lang.Object, int, java.lang.Object, java.lang.Object, java.lang.Object, java.lang.Object)'> (0x000000070be66658) 
thrown [e:\jenkins\tmp\workspace\build\src\src\hotspot\share\interpreter\linkResolver.cpp, line 766]
Event: 35.746 Thread 0x000002b66a661a50 Exception <a 'java/lang/NoSuchMethodError'{0x000000070be6b438}: 'java.lang.Object java.lang.invoke.DirectMethodHandle$Holder.invokeStatic(java.lang.Object, java.lang.Object, java.lang.Object, int, java.lang.Object, java.lang.Object)'> (0x000000070be6b438) 
thrown [e:\jenkins\tmp\workspace\build\src\src\hotspot\share\interpreter\linkResolver.cpp, line 766]
Event: 35.759 Thread 0x000002b66a661a50 Exception <a 'java/lang/NoSuchMethodError'{0x000000070bf01b68}: 'java.lang.Object java.lang.invoke.DirectMethodHandle$Holder.newInvokeSpecial(java.lang.Object, java.lang.Object, java.lang.Object, java.lang.Object, int, java.lang.Object)'> (0x000000070bf01b68) 
thrown [e:\jenkins\tmp\workspace\build\src\src\hotspot\share\interpreter\linkResolver.cpp, line 766]
Event: 35.759 Thread 0x000002b66a661a50 Exception <a 'java/lang/NoSuchMethodError'{0x000000070bf05b98}: 'java.lang.Object java.lang.invoke.DirectMethodHandle$Holder.invokeSpecial(java.lang.Object, java.lang.Object, java.lang.Object, java.lang.Object, java.lang.Object, int, java.lang.Object)'> (0x000000070bf05b98) 
thrown [e:\jenkins\tmp\workspace\build\src\src\hotspot\share\interpreter\linkResolver.cpp, line 766]
Event: 35.760 Thread 0x000002b66a661a50 Exception <a 'java/lang/NoSuchMethodError'{0x000000070bf094c8}: 'java.lang.Object java.lang.invoke.Invokers$Holder.linkToTargetMethod(java.lang.Object, java.lang.Object, java.lang.Object, int, java.lang.Object, java.lang.Object)'> (0x000000070bf094c8) 
thrown [e:\jenkins\tmp\workspace\build\src\src\hotspot\share\interpreter\linkResolver.cpp, line 766]
Event: 53.766 Thread 0x000002b66a661a50 Exception <a 'java/lang/NoSuchMethodError'{0x000000070bdff520}: 'java.lang.Object java.lang.invoke.Invokers$Holder.invoke_MT(java.lang.Object, java.lang.Object, java.lang.Object, java.lang.Object, java.lang.Object)'> (0x000000070bdff520) 
thrown [e:\jenkins\tmp\workspace\build\src\src\hotspot\share\interpreter\linkResolver.cpp, line 766]
Event: 53.766 Thread 0x000002b66a661a50 Exception <a 'java/lang/NoSuchMethodError'{0x000000070ba03688}: 'void java.lang.invoke.Invokers$Holder.invokeExact_MT(java.lang.Object, java.lang.Object, java.lang.Object)'> (0x000000070ba03688) 
thrown [e:\jenkins\tmp\workspace\build\src\src\hotspot\share\interpreter\linkResolver.cpp, line 766]
Event: 132.982 Thread 0x000002b66a661a50 Exception <a 'java/io/IOException'{0x0000000709889680}> (0x0000000709889680) 
thrown [e:\jenkins\tmp\workspace\build\src\src\hotspot\share\prims\jni.cpp, line 516]
Event: 132.987 Thread 0x000002b66a661a50 Exception <a 'java/lang/NoClassDefFoundError'{0x00000007099300d0}: sun/reflect/Reflection> (0x00000007099300d0) 
thrown [e:\jenkins\tmp\workspace\build\src\src\hotspot\share\classfile\systemDictionary.cpp, line 245]
Event: 133.017 Thread 0x000002b66a661a50 Exception <a 'java/lang/NoSuchMethodError'{0x00000007095084a0}: 'void java.lang.invoke.DirectMethodHandle$Holder.invokeSpecialIFC(java.lang.Object, java.lang.Object, java.lang.Object, java.lang.Object)'> (0x00000007095084a0) 
thrown [e:\jenkins\tmp\workspace\build\src\src\hotspot\share\interpreter\linkResolver.cpp, line 766]
Event: 133.020 Thread 0x000002b66a661a50 Exception <a 'java/lang/NoSuchMethodError'{0x0000000709555f40}: 'java.lang.Object java.lang.invoke.DirectMethodHandle$Holder.newInvokeSpecial(java.lang.Object, java.lang.Object, long)'> (0x0000000709555f40) 
thrown [e:\jenkins\tmp\workspace\build\src\src\hotspot\share\interpreter\linkResolver.cpp, line 766]

VM Operations (20 events):
Event: 436.463 Executing VM operation: RedefineClasses
Event: 436.483 Executing VM operation: RedefineClasses done
Event: 436.493 Executing VM operation: ChangeBreakpoints
Event: 436.494 Executing VM operation: ChangeBreakpoints done
Event: 436.502 Executing VM operation: ChangeBreakpoints
Event: 436.503 Executing VM operation: ChangeBreakpoints done
Event: 436.513 Executing VM operation: ChangeBreakpoints
Event: 436.514 Executing VM operation: ChangeBreakpoints done
Event: 436.524 Executing VM operation: ChangeBreakpoints
Event: 436.525 Executing VM operation: ChangeBreakpoints done
Event: 436.534 Executing VM operation: ChangeBreakpoints
Event: 436.535 Executing VM operation: ChangeBreakpoints done
Event: 439.376 Executing VM operation: ChangeBreakpoints
Event: 439.376 Executing VM operation: ChangeBreakpoints done
Event: 440.982 Executing VM operation: ChangeBreakpoints
Event: 440.982 Executing VM operation: ChangeBreakpoints done
Event: 454.989 Executing VM operation: Cleanup
Event: 454.989 Executing VM operation: Cleanup done
Event: 475.022 Executing VM operation: Cleanup
Event: 475.022 Executing VM operation: Cleanup done

Events (20 events):
Event: 114.155 loading class sun/security/provider/SHA5$SHA512
Event: 114.155 loading class sun/security/provider/SHA5
Event: 114.155 loading class sun/security/provider/SHA5 done
Event: 114.155 loading class sun/security/provider/SHA5$SHA512 done
Event: 124.055 Thread 0x000002b66a4e4ac0 Thread added: 0x000002b66a4e4ac0
Event: 129.058 Thread 0x000002b66a4e4ac0 Thread exited: 0x000002b66a4e4ac0
Event: 132.976 Thread 0x000002b66a660be0 Thread added: 0x000002b66a660be0
Event: 132.982 loading class sun/net/ConnectionResetException
Event: 132.982 loading class sun/net/ConnectionResetException done
Event: 132.987 loading class sun/reflect/Reflection
Event: 132.987 loading class sun/reflect/Reflection done
Event: 133.014 loading class java/util/stream/LongStream
Event: 133.014 loading class java/util/stream/LongStream done
Event: 133.014 loading class java/util/stream/DoubleStream
Event: 133.014 loading class java/util/stream/DoubleStream done
Event: 244.103 Thread 0x000002b66a4e59f0 Thread added: 0x000002b66a4e59f0
Event: 249.108 Thread 0x000002b66a4e59f0 Thread exited: 0x000002b66a4e59f0
Event: 303.690 Thread 0x000002b66a6670f0 Thread added: 0x000002b66a6670f0
Event: 304.148 Thread 0x000002b66a4e7340 Thread added: 0x000002b66a4e7340
Event: 309.158 Thread 0x000002b66a4e7340 Thread exited: 0x000002b66a4e7340


Dynamic libraries:
0x00007ff7d2170000 - 0x00007ff7d217e000 	C:\Users\91911\Navneet\SpringBootProject\sts-4.14.0.RELEASE\plugins\org.eclipse.justj.openjdk.hotspot.jre.full.win32.x86_64_17.0.2.v20220201-1208\jre\bin\javaw.exe
0x00007fff19cc0000 - 0x00007fff19ec9000 	C:\WINDOWS\SYSTEM32\ntdll.dll
0x00007fff18380000 - 0x00007fff1843d000 	C:\WINDOWS\System32\KERNEL32.DLL
0x00007fff17480000 - 0x00007fff177f9000 	C:\WINDOWS\System32\KERNELBASE.dll
0x00007fff17920000 - 0x00007fff17a31000 	C:\WINDOWS\System32\ucrtbase.dll
0x00007fff0d4b0000 - 0x00007fff0d4c8000 	C:\Users\91911\Navneet\SpringBootProject\sts-4.14.0.RELEASE\plugins\org.eclipse.justj.openjdk.hotspot.jre.full.win32.x86_64_17.0.2.v20220201-1208\jre\bin\jli.dll
0x00007fff0d490000 - 0x00007fff0d4a9000 	C:\Users\91911\Navneet\SpringBootProject\sts-4.14.0.RELEASE\plugins\org.eclipse.justj.openjdk.hotspot.jre.full.win32.x86_64_17.0.2.v20220201-1208\jre\bin\VCRUNTIME140.dll
0x00007fff19280000 - 0x00007fff1942c000 	C:\WINDOWS\System32\USER32.dll
0x00007fff17450000 - 0x00007fff17476000 	C:\WINDOWS\System32\win32u.dll
0x00007fff18000000 - 0x00007fff18029000 	C:\WINDOWS\System32\GDI32.dll
0x00007fff17a40000 - 0x00007fff17b52000 	C:\WINDOWS\System32\gdi32full.dll
0x00007fff17800000 - 0x00007fff1789d000 	C:\WINDOWS\System32\msvcp_win.dll
0x00007ffefd260000 - 0x00007ffefd505000 	C:\WINDOWS\WinSxS\amd64_microsoft.windows.common-controls_6595b64144ccf1df_6.0.22000.120_none_9d947278b86cc467\COMCTL32.dll
0x00007fff182d0000 - 0x00007fff18373000 	C:\WINDOWS\System32\msvcrt.dll
0x00007fff18bd0000 - 0x00007fff18c01000 	C:\WINDOWS\System32\IMM32.DLL
0x00007fff0f6a0000 - 0x00007fff0f6ac000 	C:\Users\91911\Navneet\SpringBootProject\sts-4.14.0.RELEASE\plugins\org.eclipse.justj.openjdk.hotspot.jre.full.win32.x86_64_17.0.2.v20220201-1208\jre\bin\vcruntime140_1.dll
0x00007fff0a7f0000 - 0x00007fff0a881000 	C:\Users\91911\Navneet\SpringBootProject\sts-4.14.0.RELEASE\plugins\org.eclipse.justj.openjdk.hotspot.jre.full.win32.x86_64_17.0.2.v20220201-1208\jre\bin\msvcp140.dll
0x00007ffea8920000 - 0x00007ffea9567000 	C:\Users\91911\Navneet\SpringBootProject\sts-4.14.0.RELEASE\plugins\org.eclipse.justj.openjdk.hotspot.jre.full.win32.x86_64_17.0.2.v20220201-1208\jre\bin\server\jvm.dll
0x00007fff18200000 - 0x00007fff182ae000 	C:\WINDOWS\System32\ADVAPI32.dll
0x00007fff19430000 - 0x00007fff194ce000 	C:\WINDOWS\System32\sechost.dll
0x00007fff18d20000 - 0x00007fff18e40000 	C:\WINDOWS\System32\RPCRT4.dll
0x00007fff18bb0000 - 0x00007fff18bb8000 	C:\WINDOWS\System32\PSAPI.DLL
0x00007fff0dc50000 - 0x00007fff0dc5a000 	C:\WINDOWS\SYSTEM32\VERSION.dll
0x00007fff0dd40000 - 0x00007fff0dd49000 	C:\WINDOWS\SYSTEM32\WSOCK32.dll
0x00007fff10d10000 - 0x00007fff10d43000 	C:\WINDOWS\SYSTEM32\WINMM.dll
0x00007fff18440000 - 0x00007fff184af000 	C:\WINDOWS\System32\WS2_32.dll
0x00007fff163a0000 - 0x00007fff163b8000 	C:\WINDOWS\SYSTEM32\kernel.appcore.dll
0x00007fff0d650000 - 0x00007fff0d65a000 	C:\Users\91911\Navneet\SpringBootProject\sts-4.14.0.RELEASE\plugins\org.eclipse.justj.openjdk.hotspot.jre.full.win32.x86_64_17.0.2.v20220201-1208\jre\bin\jimage.dll
0x00007fff14d60000 - 0x00007fff14f81000 	C:\WINDOWS\SYSTEM32\DBGHELP.DLL
0x00007fff10830000 - 0x00007fff10861000 	C:\WINDOWS\SYSTEM32\dbgcore.DLL
0x00007fff178a0000 - 0x00007fff1791f000 	C:\WINDOWS\System32\bcryptPrimitives.dll
0x00007ffef1d40000 - 0x00007ffef1d7b000 	C:\Users\91911\Navneet\SpringBootProject\sts-4.14.0.RELEASE\plugins\org.eclipse.justj.openjdk.hotspot.jre.full.win32.x86_64_17.0.2.v20220201-1208\jre\bin\jdwp.dll
0x00007fff09500000 - 0x00007fff0950e000 	C:\Users\91911\Navneet\SpringBootProject\sts-4.14.0.RELEASE\plugins\org.eclipse.justj.openjdk.hotspot.jre.full.win32.x86_64_17.0.2.v20220201-1208\jre\bin\instrument.dll
0x00007fff0cde0000 - 0x00007fff0ce05000 	C:\Users\91911\Navneet\SpringBootProject\sts-4.14.0.RELEASE\plugins\org.eclipse.justj.openjdk.hotspot.jre.full.win32.x86_64_17.0.2.v20220201-1208\jre\bin\java.dll
0x00007fff0d460000 - 0x00007fff0d478000 	C:\Users\91911\Navneet\SpringBootProject\sts-4.14.0.RELEASE\plugins\org.eclipse.justj.openjdk.hotspot.jre.full.win32.x86_64_17.0.2.v20220201-1208\jre\bin\zip.dll
0x00007fff194d0000 - 0x00007fff19c7f000 	C:\WINDOWS\System32\SHELL32.dll
0x00007fff152f0000 - 0x00007fff15b58000 	C:\WINDOWS\SYSTEM32\windows.storage.dll
0x00007fff18560000 - 0x00007fff188d8000 	C:\WINDOWS\System32\combase.dll
0x00007fff15180000 - 0x00007fff152e6000 	C:\WINDOWS\SYSTEM32\wintypes.dll
0x00007fff18110000 - 0x00007fff181fa000 	C:\WINDOWS\System32\SHCORE.dll
0x00007fff18b50000 - 0x00007fff18bad000 	C:\WINDOWS\System32\shlwapi.dll
0x00007fff170e0000 - 0x00007fff17101000 	C:\WINDOWS\SYSTEM32\profapi.dll
0x00007fff02720000 - 0x00007fff0272c000 	C:\Users\91911\Navneet\SpringBootProject\sts-4.14.0.RELEASE\plugins\org.eclipse.justj.openjdk.hotspot.jre.full.win32.x86_64_17.0.2.v20220201-1208\jre\bin\dt_socket.dll
0x00007fff15ed0000 - 0x00007fff15efd000 	C:\WINDOWS\SYSTEM32\IPHLPAPI.DLL
0x00007fff167d0000 - 0x00007fff16837000 	C:\WINDOWS\system32\mswsock.dll
0x00007fff15f50000 - 0x00007fff16038000 	C:\WINDOWS\SYSTEM32\DNSAPI.dll
0x00007fff18bc0000 - 0x00007fff18bc9000 	C:\WINDOWS\System32\NSI.dll
0x00007fff0d870000 - 0x00007fff0d87a000 	C:\Windows\System32\rasadhlp.dll
0x00007fff0d5b0000 - 0x00007fff0d631000 	C:\WINDOWS\System32\fwpuclnt.dll
0x00007fff0bea0000 - 0x00007fff0beb9000 	C:\Users\91911\Navneet\SpringBootProject\sts-4.14.0.RELEASE\plugins\org.eclipse.justj.openjdk.hotspot.jre.full.win32.x86_64_17.0.2.v20220201-1208\jre\bin\net.dll
0x00007fff0f800000 - 0x00007fff0f90c000 	C:\WINDOWS\SYSTEM32\WINHTTP.dll
0x00007fff09b80000 - 0x00007fff09b95000 	C:\Users\91911\Navneet\SpringBootProject\sts-4.14.0.RELEASE\plugins\org.eclipse.justj.openjdk.hotspot.jre.full.win32.x86_64_17.0.2.v20220201-1208\jre\bin\nio.dll
0x00007fff0bfb0000 - 0x00007fff0bfb9000 	C:\Users\91911\Navneet\SpringBootProject\sts-4.14.0.RELEASE\plugins\org.eclipse.justj.openjdk.hotspot.jre.full.win32.x86_64_17.0.2.v20220201-1208\jre\bin\management.dll
0x00007fff0be90000 - 0x00007fff0be9b000 	C:\Users\91911\Navneet\SpringBootProject\sts-4.14.0.RELEASE\plugins\org.eclipse.justj.openjdk.hotspot.jre.full.win32.x86_64_17.0.2.v20220201-1208\jre\bin\management_ext.dll
0x00007ffef6000000 - 0x00007ffef6017000 	C:\WINDOWS\system32\napinsp.dll
0x00007ffef5fe0000 - 0x00007ffef5ffb000 	C:\WINDOWS\system32\pnrpnsp.dll
0x00007ffef5fc0000 - 0x00007ffef5fd2000 	C:\WINDOWS\System32\winrnr.dll
0x00007fff0d700000 - 0x00007fff0d715000 	C:\WINDOWS\system32\wshbth.dll
0x00007ffef5ed0000 - 0x00007ffef5eef000 	C:\WINDOWS\system32\nlansp_c.dll
0x00007fff16a10000 - 0x00007fff16a28000 	C:\WINDOWS\SYSTEM32\CRYPTSP.dll
0x00007fff16300000 - 0x00007fff16335000 	C:\WINDOWS\system32\rsaenh.dll
0x00007fff168c0000 - 0x00007fff168e9000 	C:\WINDOWS\SYSTEM32\USERENV.dll
0x00007fff16b90000 - 0x00007fff16bb7000 	C:\WINDOWS\SYSTEM32\bcrypt.dll
0x00007fff16a30000 - 0x00007fff16a3c000 	C:\WINDOWS\SYSTEM32\CRYPTBASE.dll
0x00007fff0ee40000 - 0x00007fff0ee59000 	C:\WINDOWS\SYSTEM32\dhcpcsvc6.DLL
0x00007fff0f2d0000 - 0x00007fff0f2ee000 	C:\WINDOWS\SYSTEM32\dhcpcsvc.DLL
0x00007fff0d640000 - 0x00007fff0d650000 	C:\Users\91911\Navneet\SpringBootProject\sts-4.14.0.RELEASE\plugins\org.eclipse.justj.openjdk.hotspot.jre.full.win32.x86_64_17.0.2.v20220201-1208\jre\bin\verify.dll
0x00007fff0d520000 - 0x00007fff0d52e000 	C:\Users\91911\Navneet\SpringBootProject\sts-4.14.0.RELEASE\plugins\org.eclipse.justj.openjdk.hotspot.jre.full.win32.x86_64_17.0.2.v20220201-1208\jre\bin\sunmscapi.dll
0x00007fff172e0000 - 0x00007fff17442000 	C:\WINDOWS\System32\CRYPT32.dll
0x00007fff16b60000 - 0x00007fff16b88000 	C:\WINDOWS\SYSTEM32\ncrypt.dll
0x00007fff16b20000 - 0x00007fff16b57000 	C:\WINDOWS\SYSTEM32\NTASN1.dll
0x00007fff0d480000 - 0x00007fff0d488000 	C:\WINDOWS\system32\wshunix.dll

dbghelp: loaded successfully - version: 4.0.5 - missing functions: none
symbol engine: initialized successfully - sym options: 0x614 - pdb path: .;C:\Users\91911\Navneet\SpringBootProject\sts-4.14.0.RELEASE\plugins\org.eclipse.justj.openjdk.hotspot.jre.full.win32.x86_64_17.0.2.v20220201-1208\jre\bin;C:\WINDOWS\SYSTEM32;C:\WINDOWS\WinSxS\amd64_microsoft.windows.common-controls_6595b64144ccf1df_6.0.22000.120_none_9d947278b86cc467;C:\Users\91911\Navneet\SpringBootProject\sts-4.14.0.RELEASE\plugins\org.eclipse.justj.openjdk.hotspot.jre.full.win32.x86_64_17.0.2.v20220201-1208\jre\bin\server

VM Arguments:
jvm_args: -XX:+ShowCodeDetailsInExceptionMessages -agentlib:jdwp=transport=dt_socket,suspend=y,address=localhost:49161 -Dcom.sun.management.jmxremote -Dcom.sun.management.jmxremote.port=49159 -Dcom.sun.management.jmxremote.authenticate=false -Dcom.sun.management.jmxremote.ssl=false -Djava.rmi.server.hostname=localhost -Dspring.jmx.enabled=true -Dspring.application.admin.enabled=true -XX:TieredStopAtLevel=1 -Dspring.boot.project.name=5_ApiGateway -javaagent:C:\Users\91911\Navneet\SpringBootProject\sts-4.14.0.RELEASE\configuration\org.eclipse.osgi\265\0\.cp\lib\javaagent-shaded.jar -Dfile.encoding=UTF-8 
java_command: nav.photoapp.api.gateway.Application --spring.output.ansi.enabled=always
java_class_path (initial): C:\Users\91911\Navneet\SpringBootProject\ws-microsevices\5_ApiGateway\target\classes;C:\Users\91911\.m2\repository\org\springframework\boot\spring-boot-starter-webflux\2.6.7\spring-boot-starter-webflux-2.6.7.jar;C:\Users\91911\.m2\repository\org\springframework\boot\spring-boot-starter\2.6.7\spring-boot-starter-2.6.7.jar;C:\Users\91911\.m2\repository\org\springframework\boot\spring-boot\2.6.7\spring-boot-2.6.7.jar;C:\Users\91911\.m2\repository\org\springframework\spring-context\5.3.19\spring-context-5.3.19.jar;C:\Users\91911\.m2\repository\org\springframework\spring-aop\5.3.19\spring-aop-5.3.19.jar;C:\Users\91911\.m2\repository\org\springframework\spring-expression\5.3.19\spring-expression-5.3.19.jar;C:\Users\91911\.m2\repository\org\springframework\boot\spring-boot-autoconfigure\2.6.7\spring-boot-autoconfigure-2.6.7.jar;C:\Users\91911\.m2\repository\org\springframework\boot\spring-boot-starter-logging\2.6.7\spring-boot-starter-logging-2.6.7.jar;C:\Users\91911\.m2\repository\ch\qos\logback\logback-classic\1.2.11\logback-classic-1.2.11.jar;C:\Users\91911\.m2\repository\ch\qos\logback\logback-core\1.2.11\logback-core-1.2.11.jar;C:\Users\91911\.m2\repository\org\apache\logging\log4j\log4j-to-slf4j\2.17.2\log4j-to-slf4j-2.17.2.jar;C:\Users\91911\.m2\repository\org\apache\logging\log4j\log4j-api\2.17.2\log4j-api-2.17.2.jar;C:\Users\91911\.m2\repository\org\slf4j\jul-to-slf4j\1.7.36\jul-to-slf4j-1.7.36.jar;C:\Users\91911\.m2\repository\jakarta\annotation\jakarta.annotation-api\1.3.5\jakarta.annotation-api-1.3.5.jar;C:\Users\91911\.m2\repository\org\yaml\snakeyaml\1.29\snakeyaml-1.29.jar;C:\Users\91911\.m2\repository\org\springframework\boot\spring-boot-starter-json\2.6.7\spring-boot-starter-json-2.6.7.jar;C:\Users\91911\.m2\repository\com\fasterxml\jackson\datatype\jackson-datatype-jdk8\2.13.2\jackson-datatype-jdk8-2.13.2.jar;C:\Users\91911\.m2\repository\com\fasterxml\jackson\datatype\jackson-datatype-jsr310\2.13.2\jackson-datatype-jsr310-2.1
Launcher Type: SUN_STANDARD

[Global flags]
     intx CICompilerCount                          = 4                                         {product} {ergonomic}
     uint ConcGCThreads                            = 2                                         {product} {ergonomic}
     uint G1ConcRefinementThreads                  = 8                                         {product} {ergonomic}
   size_t G1HeapRegionSize                         = 2097152                                   {product} {ergonomic}
    uintx GCDrainStackTargetSize                   = 64                                        {product} {ergonomic}
   size_t InitialHeapSize                          = 264241152                                 {product} {ergonomic}
     bool ManagementServer                         = true                                      {product} {command line}
   size_t MarkStackSize                            = 4194304                                   {product} {ergonomic}
   size_t MaxHeapSize                              = 4227858432                                {product} {ergonomic}
   size_t MaxNewSize                               = 2535456768                                {product} {ergonomic}
   size_t MinHeapDeltaBytes                        = 2097152                                   {product} {ergonomic}
   size_t MinHeapSize                              = 8388608                                   {product} {ergonomic}
    uintx NonProfiledCodeHeapSize                  = 0                                      {pd product} {ergonomic}
     bool ProfileInterpreter                       = false                                  {pd product} {command line}
    uintx ProfiledCodeHeapSize                     = 0                                      {pd product} {ergonomic}
     bool ShowCodeDetailsInExceptionMessages       = true                                   {manageable} {command line}
   size_t SoftMaxHeapSize                          = 4227858432                             {manageable} {ergonomic}
     intx TieredStopAtLevel                        = 1                                         {product} {command line}
     bool UseCompressedClassPointers               = true                           {product lp64_product} {ergonomic}
     bool UseCompressedOops                        = true                           {product lp64_product} {ergonomic}
     bool UseG1GC                                  = true                                      {product} {ergonomic}
     bool UseLargePagesIndividualAllocation        = false                                  {pd product} {ergonomic}

Logging:
Log output configuration:
 #0: stdout all=warning uptime,level,tags
 #1: stderr all=off uptime,level,tags

Environment Variables:
PATH=C:\Users\91911\Navneet\SpringBootProject\sts-4.14.0.RELEASE\plugins\org.eclipse.justj.openjdk.hotspot.jre.full.win32.x86_64_17.0.2.v20220201-1208\jre\bin;C:/Users/91911/Navneet/SpringBootProject/sts-4.14.0.RELEASE//plugins/org.eclipse.justj.openjdk.hotspot.jre.full.win32.x86_64_17.0.2.v20220201-1208/jre/bin/server;C:/Users/91911/Navneet/SpringBootProject/sts-4.14.0.RELEASE//plugins/org.eclipse.justj.openjdk.hotspot.jre.full.win32.x86_64_17.0.2.v20220201-1208/jre/bin;C:\Program Files\Common Files\Oracle\Java\javapath;C:\WINDOWS\system32;C:\WINDOWS;C:\WINDOWS\System32\Wbem;C:\WINDOWS\System32\WindowsPowerShell\v1.0\;C:\WINDOWS\System32\OpenSSH\;C:\Program Files\Git\cmd;C:\Program Files\nodejs\;C:\Program Files\dotnet\;%MAVEN_HOME%\bin\;C:\Program Files\MySQL\MySQL Shell 8.0\bin\;C:\Users\91911\AppData\Local\Microsoft\WindowsApps;C:\Users\91911\AppData\Local\Programs\Microsoft VS Code\bin;C:\Users\91911\AppData\Roaming\npm;C:\apache-maven-3.8.5\bin\;;C:\Users\91911\Navneet\SpringBootProject\sts-4.14.0.RELEASE;
USERNAME=91911
OS=Windows_NT
PROCESSOR_IDENTIFIER=Intel64 Family 6 Model 140 Stepping 1, GenuineIntel



---------------  S Y S T E M  ---------------

OS:
 Windows 11 , 64 bit Build 22000 (10.0.22000.675)
OS uptime: 5 days 1:53 hours

CPU: total 8 (initial active 8) (4 cores per cpu, 2 threads per core) family 6 model 140 stepping 1 microcode 0xa4, cx8, cmov, fxsr, ht, mmx, 3dnowpref, sse, sse2, sse3, ssse3, sse4.1, sse4.2, popcnt, lzcnt, tsc, tscinvbit, avx, avx2, aes, erms, clmul, bmi1, bmi2, adx, avx512f, avx512dq, avx512cd, avx512bw, avx512vl, sha, fma, vzeroupper, avx512_vpopcntdq, avx512_vpclmulqdq, avx512_vaes, avx512_vnni, clflush, clflushopt, clwb, avx512_vbmi2, avx512_vbmi

Memory: 4k page, system-wide physical 16122M (3148M free)
TotalPageFile size 22010M (AvailPageFile size 3698M)
current process WorkingSet (physical memory assigned to process): 300M, peak: 300M
current process commit charge ("private bytes"): 339M, peak: 364M

vm_info: OpenJDK 64-Bit Server VM (17.0.2+8) for windows-amd64 JRE (17.0.2+8), built on Jan 20 2022 04:52:34 by "" with MS VC++ 16.7 (VS2019)

END.
